<?xml version="1.0" encoding="UTF-8"?>
<testsuite xmlns:xsi="http://www.w3.org/2001/XMLSchema-instance" xsi:noNamespaceSchemaLocation="https://maven.apache.org/surefire/maven-surefire-plugin/xsd/surefire-test-report-3.0.xsd" version="3.0" name="CriteriaBuilderTests" time="3.965" tests="9" errors="0" skipped="0" failures="0">
  <properties>
[...]
</properties>
  <testcase name="searchLandkreisSimpleLeftJoinToBundeslandCriteriaBuilder" classname="CriteriaBuilderTests" time="2.421">
    <system-out><![CDATA[Hibernate: drop table if exists Bestellung cascade 
Hibernate: drop table if exists BestProd cascade 
Hibernate: drop table if exists Bundesland cascade 
Hibernate: drop table if exists Kunde cascade 
Hibernate: drop table if exists Landkreis cascade 
Hibernate: drop table if exists Ort cascade 
Hibernate: drop table if exists Produkt cascade 
Hibernate: create table Bestellung (bestdat date, liefdat date, id bigint generated by default as identity, kunde_id bigint unique, primary key (id))
Hibernate: create table BestProd (bestellungId bigint not null, bestellung_id bigint, produktId bigint not null, produkt_id bigint, primary key (bestellungId, produktId))
Hibernate: create table Bundesland (id bigint generated by default as identity, name varchar(255), primary key (id))
Hibernate: create table Kunde (id bigint generated by default as identity, ort_id bigint, name varchar(255), strasse varchar(255), primary key (id))
Hibernate: create table Landkreis (bundesland_id bigint, id bigint generated by default as identity, name varchar(255), primary key (id))
Hibernate: create table Ort (id bigint generated by default as identity, landkreis_id bigint, name varchar(255), plz varchar(255), primary key (id))
Hibernate: create table Produkt (preis float(53), id bigint generated by default as identity, name varchar(255), primary key (id))
Hibernate: alter table if exists Bestellung add constraint FKkq14c6t554q86psqh0h3cpxja foreign key (kunde_id) references Kunde
Hibernate: alter table if exists BestProd add constraint FKida2ygwo4v89epmpeq9llxdi4 foreign key (bestellung_id) references Bestellung
Hibernate: alter table if exists BestProd add constraint FKprxaigxne2gabvc752jkh64xy foreign key (produkt_id) references Produkt
Hibernate: alter table if exists Kunde add constraint FK9dofkdho0gpj0wadrvk8o1vsk foreign key (ort_id) references Ort
Hibernate: alter table if exists Landkreis add constraint FK2qih8eu54e8y7hliv34qqppde foreign key (bundesland_id) references Bundesland
Hibernate: alter table if exists Ort add constraint FKn3w1k9n84c9yiy925mu01tiu6 foreign key (landkreis_id) references Landkreis
Hibernate: insert into Bundesland (name,id) values (?,default)
Hibernate: insert into Landkreis (bundesland_id,name,id) values (?,?,default)
Hibernate: select l1_0.id,l1_0.bundesland_id,l1_0.name from Landkreis l1_0 left join Bundesland b1_0 on b1_0.id=l1_0.bundesland_id where 1=1 and b1_0.name=?
]]></system-out>
    <system-err><![CDATA[Nov. 10, 2025 10:55:57 AM org.hibernate.jpa.internal.util.LogHelper logPersistenceUnitInformation
INFO: HHH000204: Processing PersistenceUnitInfo [name: test-persistence-unit]
Nov. 10, 2025 10:55:57 AM org.hibernate.Version logVersion
INFO: HHH000412: Hibernate ORM core version 6.4.4.Final
Nov. 10, 2025 10:55:57 AM org.hibernate.cache.internal.RegionFactoryInitiator initiateService
INFO: HHH000026: Second-level cache disabled
Nov. 10, 2025 10:55:57 AM org.hibernate.engine.jdbc.connections.internal.DriverManagerConnectionProviderImpl configure
WARN: HHH10001002: Using built-in connection pool (not intended for production use)
Nov. 10, 2025 10:55:57 AM org.hibernate.engine.jdbc.connections.internal.DriverManagerConnectionProviderImpl buildCreator
INFO: HHH10001005: Loaded JDBC driver class: org.h2.Driver
Nov. 10, 2025 10:55:57 AM org.hibernate.engine.jdbc.connections.internal.DriverManagerConnectionProviderImpl buildCreator
INFO: HHH10001012: Connecting with JDBC URL [jdbc:h2:mem:testdb;DB_CLOSE_DELAY=-1]
Nov. 10, 2025 10:55:57 AM org.hibernate.engine.jdbc.connections.internal.DriverManagerConnectionProviderImpl buildCreator
INFO: HHH10001001: Connection properties: {password=****, user=sa}
Nov. 10, 2025 10:55:57 AM org.hibernate.engine.jdbc.connections.internal.DriverManagerConnectionProviderImpl buildCreator
INFO: HHH10001003: Autocommit mode: false
Nov. 10, 2025 10:55:57 AM org.hibernate.engine.jdbc.connections.internal.DriverManagerConnectionProviderImpl$PooledConnections <init>
INFO: HHH10001115: Connection pool size: 20 (min=1)
Nov. 10, 2025 10:55:57 AM org.hibernate.engine.jdbc.dialect.internal.DialectFactoryImpl constructDialect
WARN: HHH90000025: H2Dialect does not need to be specified explicitly using 'hibernate.dialect' (remove the property setting and it will be selected by default)
Nov. 10, 2025 10:55:58 AM org.hibernate.mapping.RootClass checkCompositeIdentifier
WARN: HHH000038: Composite-id class does not override equals(): Entities.BestProdId
Nov. 10, 2025 10:55:58 AM org.hibernate.mapping.RootClass checkCompositeIdentifier
WARN: HHH000039: Composite-id class does not override hashCode(): Entities.BestProdId
Nov. 10, 2025 10:55:58 AM org.hibernate.engine.transaction.jta.platform.internal.JtaPlatformInitiator initiateService
INFO: HHH000489: No JTA platform available (set 'hibernate.transaction.jta.platform' to enable JTA platform integration)
Nov. 10, 2025 10:55:58 AM org.hibernate.resource.transaction.backend.jdbc.internal.DdlTransactionIsolatorNonJtaImpl getIsolatedConnection
INFO: HHH10001501: Connection obtained from JdbcConnectionAccess [org.hibernate.engine.jdbc.env.internal.JdbcEnvironmentInitiator$ConnectionProviderJdbcConnectionAccess@39832280] for (non-JTA) DDL execution was not in auto-commit mode; the Connection 'local transaction' will be committed and the Connection will be set into auto-commit mode.
Nov. 10, 2025 10:55:58 AM org.hibernate.resource.transaction.backend.jdbc.internal.DdlTransactionIsolatorNonJtaImpl getIsolatedConnection
INFO: HHH10001501: Connection obtained from JdbcConnectionAccess [org.hibernate.engine.jdbc.env.internal.JdbcEnvironmentInitiator$ConnectionProviderJdbcConnectionAccess@5ec88f9e] for (non-JTA) DDL execution was not in auto-commit mode; the Connection 'local transaction' will be committed and the Connection will be set into auto-commit mode.
]]></system-err>
  </testcase>
  <testcase name="searchProduktMultipleConditionsCriteriaBuilder" classname="CriteriaBuilderTests" time="0.191">
    <system-out><![CDATA[Hibernate: drop table if exists Bestellung cascade 
Hibernate: drop table if exists BestProd cascade 
Hibernate: drop table if exists Bundesland cascade 
Hibernate: drop table if exists Kunde cascade 
Hibernate: drop table if exists Landkreis cascade 
Hibernate: drop table if exists Ort cascade 
Hibernate: drop table if exists Produkt cascade 
Hibernate: create table Bestellung (bestdat date, liefdat date, id bigint generated by default as identity, kunde_id bigint unique, primary key (id))
Hibernate: create table BestProd (bestellungId bigint not null, bestellung_id bigint, produktId bigint not null, produkt_id bigint, primary key (bestellungId, produktId))
Hibernate: create table Bundesland (id bigint generated by default as identity, name varchar(255), primary key (id))
Hibernate: create table Kunde (id bigint generated by default as identity, ort_id bigint, name varchar(255), strasse varchar(255), primary key (id))
Hibernate: create table Landkreis (bundesland_id bigint, id bigint generated by default as identity, name varchar(255), primary key (id))
Hibernate: create table Ort (id bigint generated by default as identity, landkreis_id bigint, name varchar(255), plz varchar(255), primary key (id))
Hibernate: create table Produkt (preis float(53), id bigint generated by default as identity, name varchar(255), primary key (id))
Hibernate: alter table if exists Bestellung add constraint FKkq14c6t554q86psqh0h3cpxja foreign key (kunde_id) references Kunde
Hibernate: alter table if exists BestProd add constraint FKida2ygwo4v89epmpeq9llxdi4 foreign key (bestellung_id) references Bestellung
Hibernate: alter table if exists BestProd add constraint FKprxaigxne2gabvc752jkh64xy foreign key (produkt_id) references Produkt
Hibernate: alter table if exists Kunde add constraint FK9dofkdho0gpj0wadrvk8o1vsk foreign key (ort_id) references Ort
Hibernate: alter table if exists Landkreis add constraint FK2qih8eu54e8y7hliv34qqppde foreign key (bundesland_id) references Bundesland
Hibernate: alter table if exists Ort add constraint FKn3w1k9n84c9yiy925mu01tiu6 foreign key (landkreis_id) references Landkreis
Hibernate: insert into Produkt (name,preis,id) values (?,?,default)
Hibernate: insert into Produkt (name,preis,id) values (?,?,default)
Hibernate: select p1_0.id,p1_0.name,p1_0.preis from Produkt p1_0 where 1=1 and p1_0.name=? and p1_0.preis=? or p1_0.name=?
]]></system-out>
    <system-err><![CDATA[Nov. 10, 2025 10:55:59 AM org.hibernate.jpa.internal.util.LogHelper logPersistenceUnitInformation
INFO: HHH000204: Processing PersistenceUnitInfo [name: test-persistence-unit]
Nov. 10, 2025 10:55:59 AM org.hibernate.cache.internal.RegionFactoryInitiator initiateService
INFO: HHH000026: Second-level cache disabled
Nov. 10, 2025 10:55:59 AM org.hibernate.engine.jdbc.connections.internal.DriverManagerConnectionProviderImpl configure
WARN: HHH10001002: Using built-in connection pool (not intended for production use)
Nov. 10, 2025 10:55:59 AM org.hibernate.engine.jdbc.connections.internal.DriverManagerConnectionProviderImpl buildCreator
INFO: HHH10001005: Loaded JDBC driver class: org.h2.Driver
Nov. 10, 2025 10:55:59 AM org.hibernate.engine.jdbc.connections.internal.DriverManagerConnectionProviderImpl buildCreator
INFO: HHH10001012: Connecting with JDBC URL [jdbc:h2:mem:testdb;DB_CLOSE_DELAY=-1]
Nov. 10, 2025 10:55:59 AM org.hibernate.engine.jdbc.connections.internal.DriverManagerConnectionProviderImpl buildCreator
INFO: HHH10001001: Connection properties: {password=****, user=sa}
Nov. 10, 2025 10:55:59 AM org.hibernate.engine.jdbc.connections.internal.DriverManagerConnectionProviderImpl buildCreator
INFO: HHH10001003: Autocommit mode: false
Nov. 10, 2025 10:55:59 AM org.hibernate.engine.jdbc.connections.internal.DriverManagerConnectionProviderImpl$PooledConnections <init>
INFO: HHH10001115: Connection pool size: 20 (min=1)
Nov. 10, 2025 10:55:59 AM org.hibernate.engine.jdbc.dialect.internal.DialectFactoryImpl constructDialect
WARN: HHH90000025: H2Dialect does not need to be specified explicitly using 'hibernate.dialect' (remove the property setting and it will be selected by default)
Nov. 10, 2025 10:55:59 AM org.hibernate.mapping.RootClass checkCompositeIdentifier
WARN: HHH000038: Composite-id class does not override equals(): Entities.BestProdId
Nov. 10, 2025 10:55:59 AM org.hibernate.mapping.RootClass checkCompositeIdentifier
WARN: HHH000039: Composite-id class does not override hashCode(): Entities.BestProdId
Nov. 10, 2025 10:55:59 AM org.hibernate.engine.transaction.jta.platform.internal.JtaPlatformInitiator initiateService
INFO: HHH000489: No JTA platform available (set 'hibernate.transaction.jta.platform' to enable JTA platform integration)
Nov. 10, 2025 10:55:59 AM org.hibernate.resource.transaction.backend.jdbc.internal.DdlTransactionIsolatorNonJtaImpl getIsolatedConnection
INFO: HHH10001501: Connection obtained from JdbcConnectionAccess [org.hibernate.engine.jdbc.env.internal.JdbcEnvironmentInitiator$ConnectionProviderJdbcConnectionAccess@2ab9e43e] for (non-JTA) DDL execution was not in auto-commit mode; the Connection 'local transaction' will be committed and the Connection will be set into auto-commit mode.
Nov. 10, 2025 10:55:59 AM org.hibernate.resource.transaction.backend.jdbc.internal.DdlTransactionIsolatorNonJtaImpl getIsolatedConnection
INFO: HHH10001501: Connection obtained from JdbcConnectionAccess [org.hibernate.engine.jdbc.env.internal.JdbcEnvironmentInitiator$ConnectionProviderJdbcConnectionAccess@9f0fc36] for (non-JTA) DDL execution was not in auto-commit mode; the Connection 'local transaction' will be committed and the Connection will be set into auto-commit mode.
]]></system-err>
  </testcase>
  <testcase name="searchBundeslandCriteriaBuilder" classname="CriteriaBuilderTests" time="0.178">
    <system-out><![CDATA[Hibernate: drop table if exists Bestellung cascade 
Hibernate: drop table if exists BestProd cascade 
Hibernate: drop table if exists Bundesland cascade 
Hibernate: drop table if exists Kunde cascade 
Hibernate: drop table if exists Landkreis cascade 
Hibernate: drop table if exists Ort cascade 
Hibernate: drop table if exists Produkt cascade 
Hibernate: create table Bestellung (bestdat date, liefdat date, id bigint generated by default as identity, kunde_id bigint unique, primary key (id))
Hibernate: create table BestProd (bestellungId bigint not null, bestellung_id bigint, produktId bigint not null, produkt_id bigint, primary key (bestellungId, produktId))
Hibernate: create table Bundesland (id bigint generated by default as identity, name varchar(255), primary key (id))
Hibernate: create table Kunde (id bigint generated by default as identity, ort_id bigint, name varchar(255), strasse varchar(255), primary key (id))
Hibernate: create table Landkreis (bundesland_id bigint, id bigint generated by default as identity, name varchar(255), primary key (id))
Hibernate: create table Ort (id bigint generated by default as identity, landkreis_id bigint, name varchar(255), plz varchar(255), primary key (id))
Hibernate: create table Produkt (preis float(53), id bigint generated by default as identity, name varchar(255), primary key (id))
Hibernate: alter table if exists Bestellung add constraint FKkq14c6t554q86psqh0h3cpxja foreign key (kunde_id) references Kunde
Hibernate: alter table if exists BestProd add constraint FKida2ygwo4v89epmpeq9llxdi4 foreign key (bestellung_id) references Bestellung
Hibernate: alter table if exists BestProd add constraint FKprxaigxne2gabvc752jkh64xy foreign key (produkt_id) references Produkt
Hibernate: alter table if exists Kunde add constraint FK9dofkdho0gpj0wadrvk8o1vsk foreign key (ort_id) references Ort
Hibernate: alter table if exists Landkreis add constraint FK2qih8eu54e8y7hliv34qqppde foreign key (bundesland_id) references Bundesland
Hibernate: alter table if exists Ort add constraint FKn3w1k9n84c9yiy925mu01tiu6 foreign key (landkreis_id) references Landkreis
Hibernate: insert into Bundesland (name,id) values (?,default)
Hibernate: select b1_0.id,b1_0.name from Bundesland b1_0 where 1=1 and b1_0.name=?
]]></system-out>
    <system-err><![CDATA[Nov. 10, 2025 10:55:59 AM org.hibernate.jpa.internal.util.LogHelper logPersistenceUnitInformation
INFO: HHH000204: Processing PersistenceUnitInfo [name: test-persistence-unit]
Nov. 10, 2025 10:55:59 AM org.hibernate.cache.internal.RegionFactoryInitiator initiateService
INFO: HHH000026: Second-level cache disabled
Nov. 10, 2025 10:55:59 AM org.hibernate.engine.jdbc.connections.internal.DriverManagerConnectionProviderImpl configure
WARN: HHH10001002: Using built-in connection pool (not intended for production use)
Nov. 10, 2025 10:55:59 AM org.hibernate.engine.jdbc.connections.internal.DriverManagerConnectionProviderImpl buildCreator
INFO: HHH10001005: Loaded JDBC driver class: org.h2.Driver
Nov. 10, 2025 10:55:59 AM org.hibernate.engine.jdbc.connections.internal.DriverManagerConnectionProviderImpl buildCreator
INFO: HHH10001012: Connecting with JDBC URL [jdbc:h2:mem:testdb;DB_CLOSE_DELAY=-1]
Nov. 10, 2025 10:55:59 AM org.hibernate.engine.jdbc.connections.internal.DriverManagerConnectionProviderImpl buildCreator
INFO: HHH10001001: Connection properties: {password=****, user=sa}
Nov. 10, 2025 10:55:59 AM org.hibernate.engine.jdbc.connections.internal.DriverManagerConnectionProviderImpl buildCreator
INFO: HHH10001003: Autocommit mode: false
Nov. 10, 2025 10:55:59 AM org.hibernate.engine.jdbc.connections.internal.DriverManagerConnectionProviderImpl$PooledConnections <init>
INFO: HHH10001115: Connection pool size: 20 (min=1)
Nov. 10, 2025 10:55:59 AM org.hibernate.engine.jdbc.dialect.internal.DialectFactoryImpl constructDialect
WARN: HHH90000025: H2Dialect does not need to be specified explicitly using 'hibernate.dialect' (remove the property setting and it will be selected by default)
Nov. 10, 2025 10:55:59 AM org.hibernate.mapping.RootClass checkCompositeIdentifier
WARN: HHH000038: Composite-id class does not override equals(): Entities.BestProdId
Nov. 10, 2025 10:55:59 AM org.hibernate.mapping.RootClass checkCompositeIdentifier
WARN: HHH000039: Composite-id class does not override hashCode(): Entities.BestProdId
Nov. 10, 2025 10:55:59 AM org.hibernate.engine.transaction.jta.platform.internal.JtaPlatformInitiator initiateService
INFO: HHH000489: No JTA platform available (set 'hibernate.transaction.jta.platform' to enable JTA platform integration)
Nov. 10, 2025 10:55:59 AM org.hibernate.resource.transaction.backend.jdbc.internal.DdlTransactionIsolatorNonJtaImpl getIsolatedConnection
INFO: HHH10001501: Connection obtained from JdbcConnectionAccess [org.hibernate.engine.jdbc.env.internal.JdbcEnvironmentInitiator$ConnectionProviderJdbcConnectionAccess@1aac0a47] for (non-JTA) DDL execution was not in auto-commit mode; the Connection 'local transaction' will be committed and the Connection will be set into auto-commit mode.
Nov. 10, 2025 10:55:59 AM org.hibernate.resource.transaction.backend.jdbc.internal.DdlTransactionIsolatorNonJtaImpl getIsolatedConnection
INFO: HHH10001501: Connection obtained from JdbcConnectionAccess [org.hibernate.engine.jdbc.env.internal.JdbcEnvironmentInitiator$ConnectionProviderJdbcConnectionAccess@4b3ad7ca] for (non-JTA) DDL execution was not in auto-commit mode; the Connection 'local transaction' will be committed and the Connection will be set into auto-commit mode.
]]></system-err>
  </testcase>
  <testcase name="searchKundeNestedLeftJoinToBundeslandCriteriaBuilder" classname="CriteriaBuilderTests" time="0.197">
    <system-out><![CDATA[Hibernate: drop table if exists Bestellung cascade 
Hibernate: drop table if exists BestProd cascade 
Hibernate: drop table if exists Bundesland cascade 
Hibernate: drop table if exists Kunde cascade 
Hibernate: drop table if exists Landkreis cascade 
Hibernate: drop table if exists Ort cascade 
Hibernate: drop table if exists Produkt cascade 
Hibernate: create table Bestellung (bestdat date, liefdat date, id bigint generated by default as identity, kunde_id bigint unique, primary key (id))
Hibernate: create table BestProd (bestellungId bigint not null, bestellung_id bigint, produktId bigint not null, produkt_id bigint, primary key (bestellungId, produktId))
Hibernate: create table Bundesland (id bigint generated by default as identity, name varchar(255), primary key (id))
Hibernate: create table Kunde (id bigint generated by default as identity, ort_id bigint, name varchar(255), strasse varchar(255), primary key (id))
Hibernate: create table Landkreis (bundesland_id bigint, id bigint generated by default as identity, name varchar(255), primary key (id))
Hibernate: create table Ort (id bigint generated by default as identity, landkreis_id bigint, name varchar(255), plz varchar(255), primary key (id))
Hibernate: create table Produkt (preis float(53), id bigint generated by default as identity, name varchar(255), primary key (id))
Hibernate: alter table if exists Bestellung add constraint FKkq14c6t554q86psqh0h3cpxja foreign key (kunde_id) references Kunde
Hibernate: alter table if exists BestProd add constraint FKida2ygwo4v89epmpeq9llxdi4 foreign key (bestellung_id) references Bestellung
Hibernate: alter table if exists BestProd add constraint FKprxaigxne2gabvc752jkh64xy foreign key (produkt_id) references Produkt
Hibernate: alter table if exists Kunde add constraint FK9dofkdho0gpj0wadrvk8o1vsk foreign key (ort_id) references Ort
Hibernate: alter table if exists Landkreis add constraint FK2qih8eu54e8y7hliv34qqppde foreign key (bundesland_id) references Bundesland
Hibernate: alter table if exists Ort add constraint FKn3w1k9n84c9yiy925mu01tiu6 foreign key (landkreis_id) references Landkreis
Hibernate: insert into Bundesland (name,id) values (?,default)
Hibernate: insert into Landkreis (bundesland_id,name,id) values (?,?,default)
Hibernate: insert into Ort (landkreis_id,name,plz,id) values (?,?,?,default)
Hibernate: insert into Kunde (name,ort_id,strasse,id) values (?,?,?,default)
Hibernate: insert into Bestellung (bestdat,kunde_id,liefdat,id) values (?,?,?,default)
Hibernate: select b1_0.id,b1_0.bestdat,b1_0.kunde_id,b1_0.liefdat from Bestellung b1_0 left join Kunde k1_0 on k1_0.id=b1_0.kunde_id left join Ort o1_0 on o1_0.id=k1_0.ort_id left join Landkreis l1_0 on l1_0.id=o1_0.landkreis_id left join Bundesland b2_0 on b2_0.id=l1_0.bundesland_id where 1=1 and b2_0.name=?
]]></system-out>
    <system-err><![CDATA[Nov. 10, 2025 10:55:59 AM org.hibernate.jpa.internal.util.LogHelper logPersistenceUnitInformation
INFO: HHH000204: Processing PersistenceUnitInfo [name: test-persistence-unit]
Nov. 10, 2025 10:55:59 AM org.hibernate.cache.internal.RegionFactoryInitiator initiateService
INFO: HHH000026: Second-level cache disabled
Nov. 10, 2025 10:55:59 AM org.hibernate.engine.jdbc.connections.internal.DriverManagerConnectionProviderImpl configure
WARN: HHH10001002: Using built-in connection pool (not intended for production use)
Nov. 10, 2025 10:55:59 AM org.hibernate.engine.jdbc.connections.internal.DriverManagerConnectionProviderImpl buildCreator
INFO: HHH10001005: Loaded JDBC driver class: org.h2.Driver
Nov. 10, 2025 10:55:59 AM org.hibernate.engine.jdbc.connections.internal.DriverManagerConnectionProviderImpl buildCreator
INFO: HHH10001012: Connecting with JDBC URL [jdbc:h2:mem:testdb;DB_CLOSE_DELAY=-1]
Nov. 10, 2025 10:55:59 AM org.hibernate.engine.jdbc.connections.internal.DriverManagerConnectionProviderImpl buildCreator
INFO: HHH10001001: Connection properties: {password=****, user=sa}
Nov. 10, 2025 10:55:59 AM org.hibernate.engine.jdbc.connections.internal.DriverManagerConnectionProviderImpl buildCreator
INFO: HHH10001003: Autocommit mode: false
Nov. 10, 2025 10:55:59 AM org.hibernate.engine.jdbc.connections.internal.DriverManagerConnectionProviderImpl$PooledConnections <init>
INFO: HHH10001115: Connection pool size: 20 (min=1)
Nov. 10, 2025 10:55:59 AM org.hibernate.engine.jdbc.dialect.internal.DialectFactoryImpl constructDialect
WARN: HHH90000025: H2Dialect does not need to be specified explicitly using 'hibernate.dialect' (remove the property setting and it will be selected by default)
Nov. 10, 2025 10:55:59 AM org.hibernate.mapping.RootClass checkCompositeIdentifier
WARN: HHH000038: Composite-id class does not override equals(): Entities.BestProdId
Nov. 10, 2025 10:55:59 AM org.hibernate.mapping.RootClass checkCompositeIdentifier
WARN: HHH000039: Composite-id class does not override hashCode(): Entities.BestProdId
Nov. 10, 2025 10:55:59 AM org.hibernate.engine.transaction.jta.platform.internal.JtaPlatformInitiator initiateService
INFO: HHH000489: No JTA platform available (set 'hibernate.transaction.jta.platform' to enable JTA platform integration)
Nov. 10, 2025 10:55:59 AM org.hibernate.resource.transaction.backend.jdbc.internal.DdlTransactionIsolatorNonJtaImpl getIsolatedConnection
INFO: HHH10001501: Connection obtained from JdbcConnectionAccess [org.hibernate.engine.jdbc.env.internal.JdbcEnvironmentInitiator$ConnectionProviderJdbcConnectionAccess@7717b4a0] for (non-JTA) DDL execution was not in auto-commit mode; the Connection 'local transaction' will be committed and the Connection will be set into auto-commit mode.
Nov. 10, 2025 10:55:59 AM org.hibernate.resource.transaction.backend.jdbc.internal.DdlTransactionIsolatorNonJtaImpl getIsolatedConnection
INFO: HHH10001501: Connection obtained from JdbcConnectionAccess [org.hibernate.engine.jdbc.env.internal.JdbcEnvironmentInitiator$ConnectionProviderJdbcConnectionAccess@69b37f5c] for (non-JTA) DDL execution was not in auto-commit mode; the Connection 'local transaction' will be committed and the Connection will be set into auto-commit mode.
]]></system-err>
  </testcase>
  <testcase name="searchBundeslandCriteriaBuilderInvalidOperations" classname="CriteriaBuilderTests" time="0.187">
    <system-out><![CDATA[Hibernate: drop table if exists Bestellung cascade 
Hibernate: drop table if exists BestProd cascade 
Hibernate: drop table if exists Bundesland cascade 
Hibernate: drop table if exists Kunde cascade 
Hibernate: drop table if exists Landkreis cascade 
Hibernate: drop table if exists Ort cascade 
Hibernate: drop table if exists Produkt cascade 
Hibernate: create table Bestellung (bestdat date, liefdat date, id bigint generated by default as identity, kunde_id bigint unique, primary key (id))
Hibernate: create table BestProd (bestellungId bigint not null, bestellung_id bigint, produktId bigint not null, produkt_id bigint, primary key (bestellungId, produktId))
Hibernate: create table Bundesland (id bigint generated by default as identity, name varchar(255), primary key (id))
Hibernate: create table Kunde (id bigint generated by default as identity, ort_id bigint, name varchar(255), strasse varchar(255), primary key (id))
Hibernate: create table Landkreis (bundesland_id bigint, id bigint generated by default as identity, name varchar(255), primary key (id))
Hibernate: create table Ort (id bigint generated by default as identity, landkreis_id bigint, name varchar(255), plz varchar(255), primary key (id))
Hibernate: create table Produkt (preis float(53), id bigint generated by default as identity, name varchar(255), primary key (id))
Hibernate: alter table if exists Bestellung add constraint FKkq14c6t554q86psqh0h3cpxja foreign key (kunde_id) references Kunde
Hibernate: alter table if exists BestProd add constraint FKida2ygwo4v89epmpeq9llxdi4 foreign key (bestellung_id) references Bestellung
Hibernate: alter table if exists BestProd add constraint FKprxaigxne2gabvc752jkh64xy foreign key (produkt_id) references Produkt
Hibernate: alter table if exists Kunde add constraint FK9dofkdho0gpj0wadrvk8o1vsk foreign key (ort_id) references Ort
Hibernate: alter table if exists Landkreis add constraint FK2qih8eu54e8y7hliv34qqppde foreign key (bundesland_id) references Bundesland
Hibernate: alter table if exists Ort add constraint FKn3w1k9n84c9yiy925mu01tiu6 foreign key (landkreis_id) references Landkreis
Hibernate: insert into Bundesland (name,id) values (?,default)
]]></system-out>
    <system-err><![CDATA[Nov. 10, 2025 10:55:59 AM org.hibernate.jpa.internal.util.LogHelper logPersistenceUnitInformation
INFO: HHH000204: Processing PersistenceUnitInfo [name: test-persistence-unit]
Nov. 10, 2025 10:55:59 AM org.hibernate.cache.internal.RegionFactoryInitiator initiateService
INFO: HHH000026: Second-level cache disabled
Nov. 10, 2025 10:55:59 AM org.hibernate.engine.jdbc.connections.internal.DriverManagerConnectionProviderImpl configure
WARN: HHH10001002: Using built-in connection pool (not intended for production use)
Nov. 10, 2025 10:55:59 AM org.hibernate.engine.jdbc.connections.internal.DriverManagerConnectionProviderImpl buildCreator
INFO: HHH10001005: Loaded JDBC driver class: org.h2.Driver
Nov. 10, 2025 10:55:59 AM org.hibernate.engine.jdbc.connections.internal.DriverManagerConnectionProviderImpl buildCreator
INFO: HHH10001012: Connecting with JDBC URL [jdbc:h2:mem:testdb;DB_CLOSE_DELAY=-1]
Nov. 10, 2025 10:55:59 AM org.hibernate.engine.jdbc.connections.internal.DriverManagerConnectionProviderImpl buildCreator
INFO: HHH10001001: Connection properties: {password=****, user=sa}
Nov. 10, 2025 10:55:59 AM org.hibernate.engine.jdbc.connections.internal.DriverManagerConnectionProviderImpl buildCreator
INFO: HHH10001003: Autocommit mode: false
Nov. 10, 2025 10:55:59 AM org.hibernate.engine.jdbc.connections.internal.DriverManagerConnectionProviderImpl$PooledConnections <init>
INFO: HHH10001115: Connection pool size: 20 (min=1)
Nov. 10, 2025 10:55:59 AM org.hibernate.engine.jdbc.dialect.internal.DialectFactoryImpl constructDialect
WARN: HHH90000025: H2Dialect does not need to be specified explicitly using 'hibernate.dialect' (remove the property setting and it will be selected by default)
Nov. 10, 2025 10:55:59 AM org.hibernate.mapping.RootClass checkCompositeIdentifier
WARN: HHH000038: Composite-id class does not override equals(): Entities.BestProdId
Nov. 10, 2025 10:55:59 AM org.hibernate.mapping.RootClass checkCompositeIdentifier
WARN: HHH000039: Composite-id class does not override hashCode(): Entities.BestProdId
Nov. 10, 2025 10:55:59 AM org.hibernate.engine.transaction.jta.platform.internal.JtaPlatformInitiator initiateService
INFO: HHH000489: No JTA platform available (set 'hibernate.transaction.jta.platform' to enable JTA platform integration)
Nov. 10, 2025 10:55:59 AM org.hibernate.resource.transaction.backend.jdbc.internal.DdlTransactionIsolatorNonJtaImpl getIsolatedConnection
INFO: HHH10001501: Connection obtained from JdbcConnectionAccess [org.hibernate.engine.jdbc.env.internal.JdbcEnvironmentInitiator$ConnectionProviderJdbcConnectionAccess@13d984ee] for (non-JTA) DDL execution was not in auto-commit mode; the Connection 'local transaction' will be committed and the Connection will be set into auto-commit mode.
Nov. 10, 2025 10:55:59 AM org.hibernate.resource.transaction.backend.jdbc.internal.DdlTransactionIsolatorNonJtaImpl getIsolatedConnection
INFO: HHH10001501: Connection obtained from JdbcConnectionAccess [org.hibernate.engine.jdbc.env.internal.JdbcEnvironmentInitiator$ConnectionProviderJdbcConnectionAccess@4fedf908] for (non-JTA) DDL execution was not in auto-commit mode; the Connection 'local transaction' will be committed and the Connection will be set into auto-commit mode.
]]></system-err>
  </testcase>
  <testcase name="searchBundeslandCriteriaBuilderNegation" classname="CriteriaBuilderTests" time="0.18">
    <system-out><![CDATA[Hibernate: drop table if exists Bestellung cascade 
Hibernate: drop table if exists BestProd cascade 
Hibernate: drop table if exists Bundesland cascade 
Hibernate: drop table if exists Kunde cascade 
Hibernate: drop table if exists Landkreis cascade 
Hibernate: drop table if exists Ort cascade 
Hibernate: drop table if exists Produkt cascade 
Hibernate: create table Bestellung (bestdat date, liefdat date, id bigint generated by default as identity, kunde_id bigint unique, primary key (id))
Hibernate: create table BestProd (bestellungId bigint not null, bestellung_id bigint, produktId bigint not null, produkt_id bigint, primary key (bestellungId, produktId))
Hibernate: create table Bundesland (id bigint generated by default as identity, name varchar(255), primary key (id))
Hibernate: create table Kunde (id bigint generated by default as identity, ort_id bigint, name varchar(255), strasse varchar(255), primary key (id))
Hibernate: create table Landkreis (bundesland_id bigint, id bigint generated by default as identity, name varchar(255), primary key (id))
Hibernate: create table Ort (id bigint generated by default as identity, landkreis_id bigint, name varchar(255), plz varchar(255), primary key (id))
Hibernate: create table Produkt (preis float(53), id bigint generated by default as identity, name varchar(255), primary key (id))
Hibernate: alter table if exists Bestellung add constraint FKkq14c6t554q86psqh0h3cpxja foreign key (kunde_id) references Kunde
Hibernate: alter table if exists BestProd add constraint FKida2ygwo4v89epmpeq9llxdi4 foreign key (bestellung_id) references Bestellung
Hibernate: alter table if exists BestProd add constraint FKprxaigxne2gabvc752jkh64xy foreign key (produkt_id) references Produkt
Hibernate: alter table if exists Kunde add constraint FK9dofkdho0gpj0wadrvk8o1vsk foreign key (ort_id) references Ort
Hibernate: alter table if exists Landkreis add constraint FK2qih8eu54e8y7hliv34qqppde foreign key (bundesland_id) references Bundesland
Hibernate: alter table if exists Ort add constraint FKn3w1k9n84c9yiy925mu01tiu6 foreign key (landkreis_id) references Landkreis
Hibernate: insert into Bundesland (name,id) values (?,default)
Hibernate: insert into Bundesland (name,id) values (?,default)
Hibernate: select b1_0.id,b1_0.name from Bundesland b1_0 where 1=1 and b1_0.name<>?
]]></system-out>
    <system-err><![CDATA[Nov. 10, 2025 10:56:00 AM org.hibernate.jpa.internal.util.LogHelper logPersistenceUnitInformation
INFO: HHH000204: Processing PersistenceUnitInfo [name: test-persistence-unit]
Nov. 10, 2025 10:56:00 AM org.hibernate.cache.internal.RegionFactoryInitiator initiateService
INFO: HHH000026: Second-level cache disabled
Nov. 10, 2025 10:56:00 AM org.hibernate.engine.jdbc.connections.internal.DriverManagerConnectionProviderImpl configure
WARN: HHH10001002: Using built-in connection pool (not intended for production use)
Nov. 10, 2025 10:56:00 AM org.hibernate.engine.jdbc.connections.internal.DriverManagerConnectionProviderImpl buildCreator
INFO: HHH10001005: Loaded JDBC driver class: org.h2.Driver
Nov. 10, 2025 10:56:00 AM org.hibernate.engine.jdbc.connections.internal.DriverManagerConnectionProviderImpl buildCreator
INFO: HHH10001012: Connecting with JDBC URL [jdbc:h2:mem:testdb;DB_CLOSE_DELAY=-1]
Nov. 10, 2025 10:56:00 AM org.hibernate.engine.jdbc.connections.internal.DriverManagerConnectionProviderImpl buildCreator
INFO: HHH10001001: Connection properties: {password=****, user=sa}
Nov. 10, 2025 10:56:00 AM org.hibernate.engine.jdbc.connections.internal.DriverManagerConnectionProviderImpl buildCreator
INFO: HHH10001003: Autocommit mode: false
Nov. 10, 2025 10:56:00 AM org.hibernate.engine.jdbc.connections.internal.DriverManagerConnectionProviderImpl$PooledConnections <init>
INFO: HHH10001115: Connection pool size: 20 (min=1)
Nov. 10, 2025 10:56:00 AM org.hibernate.engine.jdbc.dialect.internal.DialectFactoryImpl constructDialect
WARN: HHH90000025: H2Dialect does not need to be specified explicitly using 'hibernate.dialect' (remove the property setting and it will be selected by default)
Nov. 10, 2025 10:56:00 AM org.hibernate.mapping.RootClass checkCompositeIdentifier
WARN: HHH000038: Composite-id class does not override equals(): Entities.BestProdId
Nov. 10, 2025 10:56:00 AM org.hibernate.mapping.RootClass checkCompositeIdentifier
WARN: HHH000039: Composite-id class does not override hashCode(): Entities.BestProdId
Nov. 10, 2025 10:56:00 AM org.hibernate.engine.transaction.jta.platform.internal.JtaPlatformInitiator initiateService
INFO: HHH000489: No JTA platform available (set 'hibernate.transaction.jta.platform' to enable JTA platform integration)
Nov. 10, 2025 10:56:00 AM org.hibernate.resource.transaction.backend.jdbc.internal.DdlTransactionIsolatorNonJtaImpl getIsolatedConnection
INFO: HHH10001501: Connection obtained from JdbcConnectionAccess [org.hibernate.engine.jdbc.env.internal.JdbcEnvironmentInitiator$ConnectionProviderJdbcConnectionAccess@65b73689] for (non-JTA) DDL execution was not in auto-commit mode; the Connection 'local transaction' will be committed and the Connection will be set into auto-commit mode.
Nov. 10, 2025 10:56:00 AM org.hibernate.resource.transaction.backend.jdbc.internal.DdlTransactionIsolatorNonJtaImpl getIsolatedConnection
INFO: HHH10001501: Connection obtained from JdbcConnectionAccess [org.hibernate.engine.jdbc.env.internal.JdbcEnvironmentInitiator$ConnectionProviderJdbcConnectionAccess@2047adea] for (non-JTA) DDL execution was not in auto-commit mode; the Connection 'local transaction' will be committed and the Connection will be set into auto-commit mode.
]]></system-err>
  </testcase>
  <testcase name="searchProduktCriteriaBuilderLessThan" classname="CriteriaBuilderTests" time="0.181">
    <system-out><![CDATA[Hibernate: drop table if exists Bestellung cascade 
Hibernate: drop table if exists BestProd cascade 
Hibernate: drop table if exists Bundesland cascade 
Hibernate: drop table if exists Kunde cascade 
Hibernate: drop table if exists Landkreis cascade 
Hibernate: drop table if exists Ort cascade 
Hibernate: drop table if exists Produkt cascade 
Hibernate: create table Bestellung (bestdat date, liefdat date, id bigint generated by default as identity, kunde_id bigint unique, primary key (id))
Hibernate: create table BestProd (bestellungId bigint not null, bestellung_id bigint, produktId bigint not null, produkt_id bigint, primary key (bestellungId, produktId))
Hibernate: create table Bundesland (id bigint generated by default as identity, name varchar(255), primary key (id))
Hibernate: create table Kunde (id bigint generated by default as identity, ort_id bigint, name varchar(255), strasse varchar(255), primary key (id))
Hibernate: create table Landkreis (bundesland_id bigint, id bigint generated by default as identity, name varchar(255), primary key (id))
Hibernate: create table Ort (id bigint generated by default as identity, landkreis_id bigint, name varchar(255), plz varchar(255), primary key (id))
Hibernate: create table Produkt (preis float(53), id bigint generated by default as identity, name varchar(255), primary key (id))
Hibernate: alter table if exists Bestellung add constraint FKkq14c6t554q86psqh0h3cpxja foreign key (kunde_id) references Kunde
Hibernate: alter table if exists BestProd add constraint FKida2ygwo4v89epmpeq9llxdi4 foreign key (bestellung_id) references Bestellung
Hibernate: alter table if exists BestProd add constraint FKprxaigxne2gabvc752jkh64xy foreign key (produkt_id) references Produkt
Hibernate: alter table if exists Kunde add constraint FK9dofkdho0gpj0wadrvk8o1vsk foreign key (ort_id) references Ort
Hibernate: alter table if exists Landkreis add constraint FK2qih8eu54e8y7hliv34qqppde foreign key (bundesland_id) references Bundesland
Hibernate: alter table if exists Ort add constraint FKn3w1k9n84c9yiy925mu01tiu6 foreign key (landkreis_id) references Landkreis
Hibernate: insert into Produkt (name,preis,id) values (?,?,default)
Hibernate: select p1_0.id,p1_0.name,p1_0.preis from Produkt p1_0 where 1=1 and p1_0.preis<=?
]]></system-out>
    <system-err><![CDATA[Nov. 10, 2025 10:56:00 AM org.hibernate.jpa.internal.util.LogHelper logPersistenceUnitInformation
INFO: HHH000204: Processing PersistenceUnitInfo [name: test-persistence-unit]
Nov. 10, 2025 10:56:00 AM org.hibernate.cache.internal.RegionFactoryInitiator initiateService
INFO: HHH000026: Second-level cache disabled
Nov. 10, 2025 10:56:00 AM org.hibernate.engine.jdbc.connections.internal.DriverManagerConnectionProviderImpl configure
WARN: HHH10001002: Using built-in connection pool (not intended for production use)
Nov. 10, 2025 10:56:00 AM org.hibernate.engine.jdbc.connections.internal.DriverManagerConnectionProviderImpl buildCreator
INFO: HHH10001005: Loaded JDBC driver class: org.h2.Driver
Nov. 10, 2025 10:56:00 AM org.hibernate.engine.jdbc.connections.internal.DriverManagerConnectionProviderImpl buildCreator
INFO: HHH10001012: Connecting with JDBC URL [jdbc:h2:mem:testdb;DB_CLOSE_DELAY=-1]
Nov. 10, 2025 10:56:00 AM org.hibernate.engine.jdbc.connections.internal.DriverManagerConnectionProviderImpl buildCreator
INFO: HHH10001001: Connection properties: {password=****, user=sa}
Nov. 10, 2025 10:56:00 AM org.hibernate.engine.jdbc.connections.internal.DriverManagerConnectionProviderImpl buildCreator
INFO: HHH10001003: Autocommit mode: false
Nov. 10, 2025 10:56:00 AM org.hibernate.engine.jdbc.connections.internal.DriverManagerConnectionProviderImpl$PooledConnections <init>
INFO: HHH10001115: Connection pool size: 20 (min=1)
Nov. 10, 2025 10:56:00 AM org.hibernate.engine.jdbc.dialect.internal.DialectFactoryImpl constructDialect
WARN: HHH90000025: H2Dialect does not need to be specified explicitly using 'hibernate.dialect' (remove the property setting and it will be selected by default)
Nov. 10, 2025 10:56:00 AM org.hibernate.mapping.RootClass checkCompositeIdentifier
WARN: HHH000038: Composite-id class does not override equals(): Entities.BestProdId
Nov. 10, 2025 10:56:00 AM org.hibernate.mapping.RootClass checkCompositeIdentifier
WARN: HHH000039: Composite-id class does not override hashCode(): Entities.BestProdId
Nov. 10, 2025 10:56:00 AM org.hibernate.engine.transaction.jta.platform.internal.JtaPlatformInitiator initiateService
INFO: HHH000489: No JTA platform available (set 'hibernate.transaction.jta.platform' to enable JTA platform integration)
Nov. 10, 2025 10:56:00 AM org.hibernate.resource.transaction.backend.jdbc.internal.DdlTransactionIsolatorNonJtaImpl getIsolatedConnection
INFO: HHH10001501: Connection obtained from JdbcConnectionAccess [org.hibernate.engine.jdbc.env.internal.JdbcEnvironmentInitiator$ConnectionProviderJdbcConnectionAccess@1fca53a7] for (non-JTA) DDL execution was not in auto-commit mode; the Connection 'local transaction' will be committed and the Connection will be set into auto-commit mode.
Nov. 10, 2025 10:56:00 AM org.hibernate.resource.transaction.backend.jdbc.internal.DdlTransactionIsolatorNonJtaImpl getIsolatedConnection
INFO: HHH10001501: Connection obtained from JdbcConnectionAccess [org.hibernate.engine.jdbc.env.internal.JdbcEnvironmentInitiator$ConnectionProviderJdbcConnectionAccess@40dee07b] for (non-JTA) DDL execution was not in auto-commit mode; the Connection 'local transaction' will be committed and the Connection will be set into auto-commit mode.
]]></system-err>
  </testcase>
  <testcase name="searchBundeslandCriteriaBuilderIsNull" classname="CriteriaBuilderTests" time="0.22">
    <system-out><![CDATA[Hibernate: drop table if exists Bestellung cascade 
Hibernate: drop table if exists BestProd cascade 
Hibernate: drop table if exists Bundesland cascade 
Hibernate: drop table if exists Kunde cascade 
Hibernate: drop table if exists Landkreis cascade 
Hibernate: drop table if exists Ort cascade 
Hibernate: drop table if exists Produkt cascade 
Hibernate: create table Bestellung (bestdat date, liefdat date, id bigint generated by default as identity, kunde_id bigint unique, primary key (id))
Hibernate: create table BestProd (bestellungId bigint not null, bestellung_id bigint, produktId bigint not null, produkt_id bigint, primary key (bestellungId, produktId))
Hibernate: create table Bundesland (id bigint generated by default as identity, name varchar(255), primary key (id))
Hibernate: create table Kunde (id bigint generated by default as identity, ort_id bigint, name varchar(255), strasse varchar(255), primary key (id))
Hibernate: create table Landkreis (bundesland_id bigint, id bigint generated by default as identity, name varchar(255), primary key (id))
Hibernate: create table Ort (id bigint generated by default as identity, landkreis_id bigint, name varchar(255), plz varchar(255), primary key (id))
Hibernate: create table Produkt (preis float(53), id bigint generated by default as identity, name varchar(255), primary key (id))
Hibernate: alter table if exists Bestellung add constraint FKkq14c6t554q86psqh0h3cpxja foreign key (kunde_id) references Kunde
Hibernate: alter table if exists BestProd add constraint FKida2ygwo4v89epmpeq9llxdi4 foreign key (bestellung_id) references Bestellung
Hibernate: alter table if exists BestProd add constraint FKprxaigxne2gabvc752jkh64xy foreign key (produkt_id) references Produkt
Hibernate: alter table if exists Kunde add constraint FK9dofkdho0gpj0wadrvk8o1vsk foreign key (ort_id) references Ort
Hibernate: alter table if exists Landkreis add constraint FK2qih8eu54e8y7hliv34qqppde foreign key (bundesland_id) references Bundesland
Hibernate: alter table if exists Ort add constraint FKn3w1k9n84c9yiy925mu01tiu6 foreign key (landkreis_id) references Landkreis
Hibernate: insert into Produkt (name,preis,id) values (?,?,default)
Hibernate: select p1_0.id,p1_0.name,p1_0.preis from Produkt p1_0 where 1=1 and p1_0.preis is null
]]></system-out>
    <system-err><![CDATA[Nov. 10, 2025 10:56:00 AM org.hibernate.jpa.internal.util.LogHelper logPersistenceUnitInformation
INFO: HHH000204: Processing PersistenceUnitInfo [name: test-persistence-unit]
Nov. 10, 2025 10:56:00 AM org.hibernate.cache.internal.RegionFactoryInitiator initiateService
INFO: HHH000026: Second-level cache disabled
Nov. 10, 2025 10:56:00 AM org.hibernate.engine.jdbc.connections.internal.DriverManagerConnectionProviderImpl configure
WARN: HHH10001002: Using built-in connection pool (not intended for production use)
Nov. 10, 2025 10:56:00 AM org.hibernate.engine.jdbc.connections.internal.DriverManagerConnectionProviderImpl buildCreator
INFO: HHH10001005: Loaded JDBC driver class: org.h2.Driver
Nov. 10, 2025 10:56:00 AM org.hibernate.engine.jdbc.connections.internal.DriverManagerConnectionProviderImpl buildCreator
INFO: HHH10001012: Connecting with JDBC URL [jdbc:h2:mem:testdb;DB_CLOSE_DELAY=-1]
Nov. 10, 2025 10:56:00 AM org.hibernate.engine.jdbc.connections.internal.DriverManagerConnectionProviderImpl buildCreator
INFO: HHH10001001: Connection properties: {password=****, user=sa}
Nov. 10, 2025 10:56:00 AM org.hibernate.engine.jdbc.connections.internal.DriverManagerConnectionProviderImpl buildCreator
INFO: HHH10001003: Autocommit mode: false
Nov. 10, 2025 10:56:00 AM org.hibernate.engine.jdbc.connections.internal.DriverManagerConnectionProviderImpl$PooledConnections <init>
INFO: HHH10001115: Connection pool size: 20 (min=1)
Nov. 10, 2025 10:56:00 AM org.hibernate.engine.jdbc.dialect.internal.DialectFactoryImpl constructDialect
WARN: HHH90000025: H2Dialect does not need to be specified explicitly using 'hibernate.dialect' (remove the property setting and it will be selected by default)
Nov. 10, 2025 10:56:00 AM org.hibernate.mapping.RootClass checkCompositeIdentifier
WARN: HHH000038: Composite-id class does not override equals(): Entities.BestProdId
Nov. 10, 2025 10:56:00 AM org.hibernate.mapping.RootClass checkCompositeIdentifier
WARN: HHH000039: Composite-id class does not override hashCode(): Entities.BestProdId
Nov. 10, 2025 10:56:00 AM org.hibernate.engine.transaction.jta.platform.internal.JtaPlatformInitiator initiateService
INFO: HHH000489: No JTA platform available (set 'hibernate.transaction.jta.platform' to enable JTA platform integration)
Nov. 10, 2025 10:56:00 AM org.hibernate.resource.transaction.backend.jdbc.internal.DdlTransactionIsolatorNonJtaImpl getIsolatedConnection
INFO: HHH10001501: Connection obtained from JdbcConnectionAccess [org.hibernate.engine.jdbc.env.internal.JdbcEnvironmentInitiator$ConnectionProviderJdbcConnectionAccess@35af1558] for (non-JTA) DDL execution was not in auto-commit mode; the Connection 'local transaction' will be committed and the Connection will be set into auto-commit mode.
Nov. 10, 2025 10:56:00 AM org.hibernate.resource.transaction.backend.jdbc.internal.DdlTransactionIsolatorNonJtaImpl getIsolatedConnection
INFO: HHH10001501: Connection obtained from JdbcConnectionAccess [org.hibernate.engine.jdbc.env.internal.JdbcEnvironmentInitiator$ConnectionProviderJdbcConnectionAccess@2361365c] for (non-JTA) DDL execution was not in auto-commit mode; the Connection 'local transaction' will be committed and the Connection will be set into auto-commit mode.
]]></system-err>
  </testcase>
  <testcase name="searchLandkreisSimpleLeftJoinToInvalidEntityCriteriaBuilder" classname="CriteriaBuilderTests" time="0.151">
    <system-out><![CDATA[Hibernate: drop table if exists Bestellung cascade 
Hibernate: drop table if exists BestProd cascade 
Hibernate: drop table if exists Bundesland cascade 
Hibernate: drop table if exists Kunde cascade 
Hibernate: drop table if exists Landkreis cascade 
Hibernate: drop table if exists Ort cascade 
Hibernate: drop table if exists Produkt cascade 
Hibernate: create table Bestellung (bestdat date, liefdat date, id bigint generated by default as identity, kunde_id bigint unique, primary key (id))
Hibernate: create table BestProd (bestellungId bigint not null, bestellung_id bigint, produktId bigint not null, produkt_id bigint, primary key (bestellungId, produktId))
Hibernate: create table Bundesland (id bigint generated by default as identity, name varchar(255), primary key (id))
Hibernate: create table Kunde (id bigint generated by default as identity, ort_id bigint, name varchar(255), strasse varchar(255), primary key (id))
Hibernate: create table Landkreis (bundesland_id bigint, id bigint generated by default as identity, name varchar(255), primary key (id))
Hibernate: create table Ort (id bigint generated by default as identity, landkreis_id bigint, name varchar(255), plz varchar(255), primary key (id))
Hibernate: create table Produkt (preis float(53), id bigint generated by default as identity, name varchar(255), primary key (id))
Hibernate: alter table if exists Bestellung add constraint FKkq14c6t554q86psqh0h3cpxja foreign key (kunde_id) references Kunde
Hibernate: alter table if exists BestProd add constraint FKida2ygwo4v89epmpeq9llxdi4 foreign key (bestellung_id) references Bestellung
Hibernate: alter table if exists BestProd add constraint FKprxaigxne2gabvc752jkh64xy foreign key (produkt_id) references Produkt
Hibernate: alter table if exists Kunde add constraint FK9dofkdho0gpj0wadrvk8o1vsk foreign key (ort_id) references Ort
Hibernate: alter table if exists Landkreis add constraint FK2qih8eu54e8y7hliv34qqppde foreign key (bundesland_id) references Bundesland
Hibernate: alter table if exists Ort add constraint FKn3w1k9n84c9yiy925mu01tiu6 foreign key (landkreis_id) references Landkreis
Hibernate: insert into Bundesland (name,id) values (?,default)
Hibernate: insert into Landkreis (bundesland_id,name,id) values (?,?,default)
]]></system-out>
    <system-err><![CDATA[Nov. 10, 2025 10:56:00 AM org.hibernate.jpa.internal.util.LogHelper logPersistenceUnitInformation
INFO: HHH000204: Processing PersistenceUnitInfo [name: test-persistence-unit]
Nov. 10, 2025 10:56:00 AM org.hibernate.cache.internal.RegionFactoryInitiator initiateService
INFO: HHH000026: Second-level cache disabled
Nov. 10, 2025 10:56:00 AM org.hibernate.engine.jdbc.connections.internal.DriverManagerConnectionProviderImpl configure
WARN: HHH10001002: Using built-in connection pool (not intended for production use)
Nov. 10, 2025 10:56:00 AM org.hibernate.engine.jdbc.connections.internal.DriverManagerConnectionProviderImpl buildCreator
INFO: HHH10001005: Loaded JDBC driver class: org.h2.Driver
Nov. 10, 2025 10:56:00 AM org.hibernate.engine.jdbc.connections.internal.DriverManagerConnectionProviderImpl buildCreator
INFO: HHH10001012: Connecting with JDBC URL [jdbc:h2:mem:testdb;DB_CLOSE_DELAY=-1]
Nov. 10, 2025 10:56:00 AM org.hibernate.engine.jdbc.connections.internal.DriverManagerConnectionProviderImpl buildCreator
INFO: HHH10001001: Connection properties: {password=****, user=sa}
Nov. 10, 2025 10:56:00 AM org.hibernate.engine.jdbc.connections.internal.DriverManagerConnectionProviderImpl buildCreator
INFO: HHH10001003: Autocommit mode: false
Nov. 10, 2025 10:56:00 AM org.hibernate.engine.jdbc.connections.internal.DriverManagerConnectionProviderImpl$PooledConnections <init>
INFO: HHH10001115: Connection pool size: 20 (min=1)
Nov. 10, 2025 10:56:00 AM org.hibernate.engine.jdbc.dialect.internal.DialectFactoryImpl constructDialect
WARN: HHH90000025: H2Dialect does not need to be specified explicitly using 'hibernate.dialect' (remove the property setting and it will be selected by default)
Nov. 10, 2025 10:56:00 AM org.hibernate.mapping.RootClass checkCompositeIdentifier
WARN: HHH000038: Composite-id class does not override equals(): Entities.BestProdId
Nov. 10, 2025 10:56:00 AM org.hibernate.mapping.RootClass checkCompositeIdentifier
WARN: HHH000039: Composite-id class does not override hashCode(): Entities.BestProdId
Nov. 10, 2025 10:56:00 AM org.hibernate.engine.transaction.jta.platform.internal.JtaPlatformInitiator initiateService
INFO: HHH000489: No JTA platform available (set 'hibernate.transaction.jta.platform' to enable JTA platform integration)
Nov. 10, 2025 10:56:00 AM org.hibernate.resource.transaction.backend.jdbc.internal.DdlTransactionIsolatorNonJtaImpl getIsolatedConnection
INFO: HHH10001501: Connection obtained from JdbcConnectionAccess [org.hibernate.engine.jdbc.env.internal.JdbcEnvironmentInitiator$ConnectionProviderJdbcConnectionAccess@7d82ca56] for (non-JTA) DDL execution was not in auto-commit mode; the Connection 'local transaction' will be committed and the Connection will be set into auto-commit mode.
Nov. 10, 2025 10:56:00 AM org.hibernate.resource.transaction.backend.jdbc.internal.DdlTransactionIsolatorNonJtaImpl getIsolatedConnection
INFO: HHH10001501: Connection obtained from JdbcConnectionAccess [org.hibernate.engine.jdbc.env.internal.JdbcEnvironmentInitiator$ConnectionProviderJdbcConnectionAccess@2aaa89c2] for (non-JTA) DDL execution was not in auto-commit mode; the Connection 'local transaction' will be committed and the Connection will be set into auto-commit mode.
]]></system-err>
  </testcase>
</testsuite>