<?xml version="1.0" encoding="UTF-8"?>
<testsuite xmlns:xsi="http://www.w3.org/2001/XMLSchema-instance" xsi:noNamespaceSchemaLocation="https://maven.apache.org/surefire/maven-surefire-plugin/xsd/surefire-test-report-3.0.xsd" version="3.0" name="CriteriaBuilderTests" time="2.429" tests="9" errors="0" skipped="0" failures="0">
  <properties>
[...]
</properties>
  <testcase name="searchLandkreisSimpleLeftJoinToBundeslandCriteriaBuilder" classname="CriteriaBuilderTests" time="1.643">
    <system-out><![CDATA[Hibernate: drop table if exists Bestellung cascade 
Hibernate: drop table if exists BestProd cascade 
Hibernate: drop table if exists Bundesland cascade 
Hibernate: drop table if exists Kunde cascade 
Hibernate: drop table if exists Landkreis cascade 
Hibernate: drop table if exists Ort cascade 
Hibernate: drop table if exists Produkt cascade 
Hibernate: create table Bestellung (bestdat date, liefdat date, id bigint generated by default as identity, kunde_id bigint unique, primary key (id))
Hibernate: create table BestProd (bestellungId bigint not null, bestellung_id bigint, produktId bigint not null, produkt_id bigint, primary key (bestellungId, produktId))
Hibernate: create table Bundesland (id bigint generated by default as identity, name varchar(255), primary key (id))
Hibernate: create table Kunde (id bigint generated by default as identity, ort_id bigint, name varchar(255), strasse varchar(255), primary key (id))
Hibernate: create table Landkreis (bundesland_id bigint, id bigint generated by default as identity, name varchar(255), primary key (id))
Hibernate: create table Ort (id bigint generated by default as identity, landkreis_id bigint, name varchar(255), plz varchar(255), primary key (id))
Hibernate: create table Produkt (preis float(53), id bigint generated by default as identity, name varchar(255), primary key (id))
Hibernate: alter table if exists Bestellung add constraint FKkq14c6t554q86psqh0h3cpxja foreign key (kunde_id) references Kunde
Hibernate: alter table if exists BestProd add constraint FKida2ygwo4v89epmpeq9llxdi4 foreign key (bestellung_id) references Bestellung
Hibernate: alter table if exists BestProd add constraint FKprxaigxne2gabvc752jkh64xy foreign key (produkt_id) references Produkt
Hibernate: alter table if exists Kunde add constraint FK9dofkdho0gpj0wadrvk8o1vsk foreign key (ort_id) references Ort
Hibernate: alter table if exists Landkreis add constraint FK2qih8eu54e8y7hliv34qqppde foreign key (bundesland_id) references Bundesland
Hibernate: alter table if exists Ort add constraint FKn3w1k9n84c9yiy925mu01tiu6 foreign key (landkreis_id) references Landkreis
Hibernate: insert into Bundesland (name,id) values (?,default)
Hibernate: insert into Landkreis (bundesland_id,name,id) values (?,?,default)
Hibernate: select l1_0.id,l1_0.bundesland_id,l1_0.name from Landkreis l1_0 left join Bundesland b1_0 on b1_0.id=l1_0.bundesland_id where 1=1 and b1_0.name=?
]]></system-out>
    <system-err><![CDATA[Apr. 16, 2026 9:40:37 PM org.hibernate.jpa.internal.util.LogHelper logPersistenceUnitInformation
INFO: HHH000204: Processing PersistenceUnitInfo [name: test-persistence-unit]
Apr. 16, 2026 9:40:37 PM org.hibernate.Version logVersion
INFO: HHH000412: Hibernate ORM core version 6.4.4.Final
Apr. 16, 2026 9:40:37 PM org.hibernate.cache.internal.RegionFactoryInitiator initiateService
INFO: HHH000026: Second-level cache disabled
Apr. 16, 2026 9:40:38 PM org.hibernate.engine.jdbc.connections.internal.DriverManagerConnectionProviderImpl configure
WARN: HHH10001002: Using built-in connection pool (not intended for production use)
Apr. 16, 2026 9:40:38 PM org.hibernate.engine.jdbc.connections.internal.DriverManagerConnectionProviderImpl buildCreator
INFO: HHH10001005: Loaded JDBC driver class: org.h2.Driver
Apr. 16, 2026 9:40:38 PM org.hibernate.engine.jdbc.connections.internal.DriverManagerConnectionProviderImpl buildCreator
INFO: HHH10001012: Connecting with JDBC URL [jdbc:h2:mem:testdb;DB_CLOSE_DELAY=-1]
Apr. 16, 2026 9:40:38 PM org.hibernate.engine.jdbc.connections.internal.DriverManagerConnectionProviderImpl buildCreator
INFO: HHH10001001: Connection properties: {password=****, user=sa}
Apr. 16, 2026 9:40:38 PM org.hibernate.engine.jdbc.connections.internal.DriverManagerConnectionProviderImpl buildCreator
INFO: HHH10001003: Autocommit mode: false
Apr. 16, 2026 9:40:38 PM org.hibernate.engine.jdbc.connections.internal.DriverManagerConnectionProviderImpl$PooledConnections <init>
INFO: HHH10001115: Connection pool size: 20 (min=1)
Apr. 16, 2026 9:40:38 PM org.hibernate.engine.jdbc.dialect.internal.DialectFactoryImpl constructDialect
WARN: HHH90000025: H2Dialect does not need to be specified explicitly using 'hibernate.dialect' (remove the property setting and it will be selected by default)
Apr. 16, 2026 9:40:38 PM org.hibernate.mapping.RootClass checkCompositeIdentifier
WARN: HHH000038: Composite-id class does not override equals(): Entities.BestProdId
Apr. 16, 2026 9:40:38 PM org.hibernate.mapping.RootClass checkCompositeIdentifier
WARN: HHH000039: Composite-id class does not override hashCode(): Entities.BestProdId
Apr. 16, 2026 9:40:39 PM org.hibernate.engine.transaction.jta.platform.internal.JtaPlatformInitiator initiateService
INFO: HHH000489: No JTA platform available (set 'hibernate.transaction.jta.platform' to enable JTA platform integration)
Apr. 16, 2026 9:40:39 PM org.hibernate.resource.transaction.backend.jdbc.internal.DdlTransactionIsolatorNonJtaImpl getIsolatedConnection
INFO: HHH10001501: Connection obtained from JdbcConnectionAccess [org.hibernate.engine.jdbc.env.internal.JdbcEnvironmentInitiator$ConnectionProviderJdbcConnectionAccess@6dcab9d9] for (non-JTA) DDL execution was not in auto-commit mode; the Connection 'local transaction' will be committed and the Connection will be set into auto-commit mode.
Apr. 16, 2026 9:40:39 PM org.hibernate.resource.transaction.backend.jdbc.internal.DdlTransactionIsolatorNonJtaImpl getIsolatedConnection
INFO: HHH10001501: Connection obtained from JdbcConnectionAccess [org.hibernate.engine.jdbc.env.internal.JdbcEnvironmentInitiator$ConnectionProviderJdbcConnectionAccess@45801322] for (non-JTA) DDL execution was not in auto-commit mode; the Connection 'local transaction' will be committed and the Connection will be set into auto-commit mode.
]]></system-err>
  </testcase>
  <testcase name="searchProduktMultipleConditionsCriteriaBuilder" classname="CriteriaBuilderTests" time="0.153">
    <system-out><![CDATA[Hibernate: drop table if exists Bestellung cascade 
Hibernate: drop table if exists BestProd cascade 
Hibernate: drop table if exists Bundesland cascade 
Hibernate: drop table if exists Kunde cascade 
Hibernate: drop table if exists Landkreis cascade 
Hibernate: drop table if exists Ort cascade 
Hibernate: drop table if exists Produkt cascade 
Hibernate: create table Bestellung (bestdat date, liefdat date, id bigint generated by default as identity, kunde_id bigint unique, primary key (id))
Hibernate: create table BestProd (bestellungId bigint not null, bestellung_id bigint, produktId bigint not null, produkt_id bigint, primary key (bestellungId, produktId))
Hibernate: create table Bundesland (id bigint generated by default as identity, name varchar(255), primary key (id))
Hibernate: create table Kunde (id bigint generated by default as identity, ort_id bigint, name varchar(255), strasse varchar(255), primary key (id))
Hibernate: create table Landkreis (bundesland_id bigint, id bigint generated by default as identity, name varchar(255), primary key (id))
Hibernate: create table Ort (id bigint generated by default as identity, landkreis_id bigint, name varchar(255), plz varchar(255), primary key (id))
Hibernate: create table Produkt (preis float(53), id bigint generated by default as identity, name varchar(255), primary key (id))
Hibernate: alter table if exists Bestellung add constraint FKkq14c6t554q86psqh0h3cpxja foreign key (kunde_id) references Kunde
Hibernate: alter table if exists BestProd add constraint FKida2ygwo4v89epmpeq9llxdi4 foreign key (bestellung_id) references Bestellung
Hibernate: alter table if exists BestProd add constraint FKprxaigxne2gabvc752jkh64xy foreign key (produkt_id) references Produkt
Hibernate: alter table if exists Kunde add constraint FK9dofkdho0gpj0wadrvk8o1vsk foreign key (ort_id) references Ort
Hibernate: alter table if exists Landkreis add constraint FK2qih8eu54e8y7hliv34qqppde foreign key (bundesland_id) references Bundesland
Hibernate: alter table if exists Ort add constraint FKn3w1k9n84c9yiy925mu01tiu6 foreign key (landkreis_id) references Landkreis
Hibernate: insert into Produkt (name,preis,id) values (?,?,default)
Hibernate: insert into Produkt (name,preis,id) values (?,?,default)
Hibernate: select p1_0.id,p1_0.name,p1_0.preis from Produkt p1_0 where 1=1 and p1_0.name=? and p1_0.preis=? or p1_0.name=?
]]></system-out>
    <system-err><![CDATA[Apr. 16, 2026 9:40:39 PM org.hibernate.jpa.internal.util.LogHelper logPersistenceUnitInformation
INFO: HHH000204: Processing PersistenceUnitInfo [name: test-persistence-unit]
Apr. 16, 2026 9:40:39 PM org.hibernate.cache.internal.RegionFactoryInitiator initiateService
INFO: HHH000026: Second-level cache disabled
Apr. 16, 2026 9:40:39 PM org.hibernate.engine.jdbc.connections.internal.DriverManagerConnectionProviderImpl configure
WARN: HHH10001002: Using built-in connection pool (not intended for production use)
Apr. 16, 2026 9:40:39 PM org.hibernate.engine.jdbc.connections.internal.DriverManagerConnectionProviderImpl buildCreator
INFO: HHH10001005: Loaded JDBC driver class: org.h2.Driver
Apr. 16, 2026 9:40:39 PM org.hibernate.engine.jdbc.connections.internal.DriverManagerConnectionProviderImpl buildCreator
INFO: HHH10001012: Connecting with JDBC URL [jdbc:h2:mem:testdb;DB_CLOSE_DELAY=-1]
Apr. 16, 2026 9:40:39 PM org.hibernate.engine.jdbc.connections.internal.DriverManagerConnectionProviderImpl buildCreator
INFO: HHH10001001: Connection properties: {password=****, user=sa}
Apr. 16, 2026 9:40:39 PM org.hibernate.engine.jdbc.connections.internal.DriverManagerConnectionProviderImpl buildCreator
INFO: HHH10001003: Autocommit mode: false
Apr. 16, 2026 9:40:39 PM org.hibernate.engine.jdbc.connections.internal.DriverManagerConnectionProviderImpl$PooledConnections <init>
INFO: HHH10001115: Connection pool size: 20 (min=1)
Apr. 16, 2026 9:40:39 PM org.hibernate.engine.jdbc.dialect.internal.DialectFactoryImpl constructDialect
WARN: HHH90000025: H2Dialect does not need to be specified explicitly using 'hibernate.dialect' (remove the property setting and it will be selected by default)
Apr. 16, 2026 9:40:39 PM org.hibernate.mapping.RootClass checkCompositeIdentifier
WARN: HHH000038: Composite-id class does not override equals(): Entities.BestProdId
Apr. 16, 2026 9:40:39 PM org.hibernate.mapping.RootClass checkCompositeIdentifier
WARN: HHH000039: Composite-id class does not override hashCode(): Entities.BestProdId
Apr. 16, 2026 9:40:39 PM org.hibernate.engine.transaction.jta.platform.internal.JtaPlatformInitiator initiateService
INFO: HHH000489: No JTA platform available (set 'hibernate.transaction.jta.platform' to enable JTA platform integration)
Apr. 16, 2026 9:40:39 PM org.hibernate.resource.transaction.backend.jdbc.internal.DdlTransactionIsolatorNonJtaImpl getIsolatedConnection
INFO: HHH10001501: Connection obtained from JdbcConnectionAccess [org.hibernate.engine.jdbc.env.internal.JdbcEnvironmentInitiator$ConnectionProviderJdbcConnectionAccess@2c34402] for (non-JTA) DDL execution was not in auto-commit mode; the Connection 'local transaction' will be committed and the Connection will be set into auto-commit mode.
Apr. 16, 2026 9:40:39 PM org.hibernate.resource.transaction.backend.jdbc.internal.DdlTransactionIsolatorNonJtaImpl getIsolatedConnection
INFO: HHH10001501: Connection obtained from JdbcConnectionAccess [org.hibernate.engine.jdbc.env.internal.JdbcEnvironmentInitiator$ConnectionProviderJdbcConnectionAccess@4239262e] for (non-JTA) DDL execution was not in auto-commit mode; the Connection 'local transaction' will be committed and the Connection will be set into auto-commit mode.
]]></system-err>
  </testcase>
  <testcase name="searchBundeslandCriteriaBuilder" classname="CriteriaBuilderTests" time="0.105">
    <system-out><![CDATA[Hibernate: drop table if exists Bestellung cascade 
Hibernate: drop table if exists BestProd cascade 
Hibernate: drop table if exists Bundesland cascade 
Hibernate: drop table if exists Kunde cascade 
Hibernate: drop table if exists Landkreis cascade 
Hibernate: drop table if exists Ort cascade 
Hibernate: drop table if exists Produkt cascade 
Hibernate: create table Bestellung (bestdat date, liefdat date, id bigint generated by default as identity, kunde_id bigint unique, primary key (id))
Hibernate: create table BestProd (bestellungId bigint not null, bestellung_id bigint, produktId bigint not null, produkt_id bigint, primary key (bestellungId, produktId))
Hibernate: create table Bundesland (id bigint generated by default as identity, name varchar(255), primary key (id))
Hibernate: create table Kunde (id bigint generated by default as identity, ort_id bigint, name varchar(255), strasse varchar(255), primary key (id))
Hibernate: create table Landkreis (bundesland_id bigint, id bigint generated by default as identity, name varchar(255), primary key (id))
Hibernate: create table Ort (id bigint generated by default as identity, landkreis_id bigint, name varchar(255), plz varchar(255), primary key (id))
Hibernate: create table Produkt (preis float(53), id bigint generated by default as identity, name varchar(255), primary key (id))
Hibernate: alter table if exists Bestellung add constraint FKkq14c6t554q86psqh0h3cpxja foreign key (kunde_id) references Kunde
Hibernate: alter table if exists BestProd add constraint FKida2ygwo4v89epmpeq9llxdi4 foreign key (bestellung_id) references Bestellung
Hibernate: alter table if exists BestProd add constraint FKprxaigxne2gabvc752jkh64xy foreign key (produkt_id) references Produkt
Hibernate: alter table if exists Kunde add constraint FK9dofkdho0gpj0wadrvk8o1vsk foreign key (ort_id) references Ort
Hibernate: alter table if exists Landkreis add constraint FK2qih8eu54e8y7hliv34qqppde foreign key (bundesland_id) references Bundesland
Hibernate: alter table if exists Ort add constraint FKn3w1k9n84c9yiy925mu01tiu6 foreign key (landkreis_id) references Landkreis
Hibernate: insert into Bundesland (name,id) values (?,default)
Hibernate: select b1_0.id,b1_0.name from Bundesland b1_0 where 1=1 and b1_0.name=?
]]></system-out>
    <system-err><![CDATA[Apr. 16, 2026 9:40:39 PM org.hibernate.jpa.internal.util.LogHelper logPersistenceUnitInformation
INFO: HHH000204: Processing PersistenceUnitInfo [name: test-persistence-unit]
Apr. 16, 2026 9:40:39 PM org.hibernate.cache.internal.RegionFactoryInitiator initiateService
INFO: HHH000026: Second-level cache disabled
Apr. 16, 2026 9:40:39 PM org.hibernate.engine.jdbc.connections.internal.DriverManagerConnectionProviderImpl configure
WARN: HHH10001002: Using built-in connection pool (not intended for production use)
Apr. 16, 2026 9:40:39 PM org.hibernate.engine.jdbc.connections.internal.DriverManagerConnectionProviderImpl buildCreator
INFO: HHH10001005: Loaded JDBC driver class: org.h2.Driver
Apr. 16, 2026 9:40:39 PM org.hibernate.engine.jdbc.connections.internal.DriverManagerConnectionProviderImpl buildCreator
INFO: HHH10001012: Connecting with JDBC URL [jdbc:h2:mem:testdb;DB_CLOSE_DELAY=-1]
Apr. 16, 2026 9:40:39 PM org.hibernate.engine.jdbc.connections.internal.DriverManagerConnectionProviderImpl buildCreator
INFO: HHH10001001: Connection properties: {password=****, user=sa}
Apr. 16, 2026 9:40:39 PM org.hibernate.engine.jdbc.connections.internal.DriverManagerConnectionProviderImpl buildCreator
INFO: HHH10001003: Autocommit mode: false
Apr. 16, 2026 9:40:39 PM org.hibernate.engine.jdbc.connections.internal.DriverManagerConnectionProviderImpl$PooledConnections <init>
INFO: HHH10001115: Connection pool size: 20 (min=1)
Apr. 16, 2026 9:40:39 PM org.hibernate.engine.jdbc.dialect.internal.DialectFactoryImpl constructDialect
WARN: HHH90000025: H2Dialect does not need to be specified explicitly using 'hibernate.dialect' (remove the property setting and it will be selected by default)
Apr. 16, 2026 9:40:39 PM org.hibernate.mapping.RootClass checkCompositeIdentifier
WARN: HHH000038: Composite-id class does not override equals(): Entities.BestProdId
Apr. 16, 2026 9:40:39 PM org.hibernate.mapping.RootClass checkCompositeIdentifier
WARN: HHH000039: Composite-id class does not override hashCode(): Entities.BestProdId
Apr. 16, 2026 9:40:39 PM org.hibernate.engine.transaction.jta.platform.internal.JtaPlatformInitiator initiateService
INFO: HHH000489: No JTA platform available (set 'hibernate.transaction.jta.platform' to enable JTA platform integration)
Apr. 16, 2026 9:40:39 PM org.hibernate.resource.transaction.backend.jdbc.internal.DdlTransactionIsolatorNonJtaImpl getIsolatedConnection
INFO: HHH10001501: Connection obtained from JdbcConnectionAccess [org.hibernate.engine.jdbc.env.internal.JdbcEnvironmentInitiator$ConnectionProviderJdbcConnectionAccess@3316527e] for (non-JTA) DDL execution was not in auto-commit mode; the Connection 'local transaction' will be committed and the Connection will be set into auto-commit mode.
Apr. 16, 2026 9:40:39 PM org.hibernate.resource.transaction.backend.jdbc.internal.DdlTransactionIsolatorNonJtaImpl getIsolatedConnection
INFO: HHH10001501: Connection obtained from JdbcConnectionAccess [org.hibernate.engine.jdbc.env.internal.JdbcEnvironmentInitiator$ConnectionProviderJdbcConnectionAccess@786ff0ea] for (non-JTA) DDL execution was not in auto-commit mode; the Connection 'local transaction' will be committed and the Connection will be set into auto-commit mode.
]]></system-err>
  </testcase>
  <testcase name="searchKundeNestedLeftJoinToBundeslandCriteriaBuilder" classname="CriteriaBuilderTests" time="0.095">
    <system-out><![CDATA[Hibernate: drop table if exists Bestellung cascade 
Hibernate: drop table if exists BestProd cascade 
Hibernate: drop table if exists Bundesland cascade 
Hibernate: drop table if exists Kunde cascade 
Hibernate: drop table if exists Landkreis cascade 
Hibernate: drop table if exists Ort cascade 
Hibernate: drop table if exists Produkt cascade 
Hibernate: create table Bestellung (bestdat date, liefdat date, id bigint generated by default as identity, kunde_id bigint unique, primary key (id))
Hibernate: create table BestProd (bestellungId bigint not null, bestellung_id bigint, produktId bigint not null, produkt_id bigint, primary key (bestellungId, produktId))
Hibernate: create table Bundesland (id bigint generated by default as identity, name varchar(255), primary key (id))
Hibernate: create table Kunde (id bigint generated by default as identity, ort_id bigint, name varchar(255), strasse varchar(255), primary key (id))
Hibernate: create table Landkreis (bundesland_id bigint, id bigint generated by default as identity, name varchar(255), primary key (id))
Hibernate: create table Ort (id bigint generated by default as identity, landkreis_id bigint, name varchar(255), plz varchar(255), primary key (id))
Hibernate: create table Produkt (preis float(53), id bigint generated by default as identity, name varchar(255), primary key (id))
Hibernate: alter table if exists Bestellung add constraint FKkq14c6t554q86psqh0h3cpxja foreign key (kunde_id) references Kunde
Hibernate: alter table if exists BestProd add constraint FKida2ygwo4v89epmpeq9llxdi4 foreign key (bestellung_id) references Bestellung
Hibernate: alter table if exists BestProd add constraint FKprxaigxne2gabvc752jkh64xy foreign key (produkt_id) references Produkt
Hibernate: alter table if exists Kunde add constraint FK9dofkdho0gpj0wadrvk8o1vsk foreign key (ort_id) references Ort
Hibernate: alter table if exists Landkreis add constraint FK2qih8eu54e8y7hliv34qqppde foreign key (bundesland_id) references Bundesland
Hibernate: alter table if exists Ort add constraint FKn3w1k9n84c9yiy925mu01tiu6 foreign key (landkreis_id) references Landkreis
Hibernate: insert into Bundesland (name,id) values (?,default)
Hibernate: insert into Landkreis (bundesland_id,name,id) values (?,?,default)
Hibernate: insert into Ort (landkreis_id,name,plz,id) values (?,?,?,default)
Hibernate: insert into Kunde (name,ort_id,strasse,id) values (?,?,?,default)
Hibernate: insert into Bestellung (bestdat,kunde_id,liefdat,id) values (?,?,?,default)
Hibernate: select b1_0.id,b1_0.bestdat,b1_0.kunde_id,b1_0.liefdat from Bestellung b1_0 left join Kunde k1_0 on k1_0.id=b1_0.kunde_id left join Ort o1_0 on o1_0.id=k1_0.ort_id left join Landkreis l1_0 on l1_0.id=o1_0.landkreis_id left join Bundesland b2_0 on b2_0.id=l1_0.bundesland_id where 1=1 and b2_0.name=?
]]></system-out>
    <system-err><![CDATA[Apr. 16, 2026 9:40:39 PM org.hibernate.jpa.internal.util.LogHelper logPersistenceUnitInformation
INFO: HHH000204: Processing PersistenceUnitInfo [name: test-persistence-unit]
Apr. 16, 2026 9:40:39 PM org.hibernate.cache.internal.RegionFactoryInitiator initiateService
INFO: HHH000026: Second-level cache disabled
Apr. 16, 2026 9:40:39 PM org.hibernate.engine.jdbc.connections.internal.DriverManagerConnectionProviderImpl configure
WARN: HHH10001002: Using built-in connection pool (not intended for production use)
Apr. 16, 2026 9:40:39 PM org.hibernate.engine.jdbc.connections.internal.DriverManagerConnectionProviderImpl buildCreator
INFO: HHH10001005: Loaded JDBC driver class: org.h2.Driver
Apr. 16, 2026 9:40:39 PM org.hibernate.engine.jdbc.connections.internal.DriverManagerConnectionProviderImpl buildCreator
INFO: HHH10001012: Connecting with JDBC URL [jdbc:h2:mem:testdb;DB_CLOSE_DELAY=-1]
Apr. 16, 2026 9:40:39 PM org.hibernate.engine.jdbc.connections.internal.DriverManagerConnectionProviderImpl buildCreator
INFO: HHH10001001: Connection properties: {password=****, user=sa}
Apr. 16, 2026 9:40:39 PM org.hibernate.engine.jdbc.connections.internal.DriverManagerConnectionProviderImpl buildCreator
INFO: HHH10001003: Autocommit mode: false
Apr. 16, 2026 9:40:39 PM org.hibernate.engine.jdbc.connections.internal.DriverManagerConnectionProviderImpl$PooledConnections <init>
INFO: HHH10001115: Connection pool size: 20 (min=1)
Apr. 16, 2026 9:40:39 PM org.hibernate.engine.jdbc.dialect.internal.DialectFactoryImpl constructDialect
WARN: HHH90000025: H2Dialect does not need to be specified explicitly using 'hibernate.dialect' (remove the property setting and it will be selected by default)
Apr. 16, 2026 9:40:39 PM org.hibernate.mapping.RootClass checkCompositeIdentifier
WARN: HHH000038: Composite-id class does not override equals(): Entities.BestProdId
Apr. 16, 2026 9:40:39 PM org.hibernate.mapping.RootClass checkCompositeIdentifier
WARN: HHH000039: Composite-id class does not override hashCode(): Entities.BestProdId
Apr. 16, 2026 9:40:39 PM org.hibernate.engine.transaction.jta.platform.internal.JtaPlatformInitiator initiateService
INFO: HHH000489: No JTA platform available (set 'hibernate.transaction.jta.platform' to enable JTA platform integration)
Apr. 16, 2026 9:40:39 PM org.hibernate.resource.transaction.backend.jdbc.internal.DdlTransactionIsolatorNonJtaImpl getIsolatedConnection
INFO: HHH10001501: Connection obtained from JdbcConnectionAccess [org.hibernate.engine.jdbc.env.internal.JdbcEnvironmentInitiator$ConnectionProviderJdbcConnectionAccess@4df0d9f8] for (non-JTA) DDL execution was not in auto-commit mode; the Connection 'local transaction' will be committed and the Connection will be set into auto-commit mode.
Apr. 16, 2026 9:40:39 PM org.hibernate.resource.transaction.backend.jdbc.internal.DdlTransactionIsolatorNonJtaImpl getIsolatedConnection
INFO: HHH10001501: Connection obtained from JdbcConnectionAccess [org.hibernate.engine.jdbc.env.internal.JdbcEnvironmentInitiator$ConnectionProviderJdbcConnectionAccess@35e75f7a] for (non-JTA) DDL execution was not in auto-commit mode; the Connection 'local transaction' will be committed and the Connection will be set into auto-commit mode.
]]></system-err>
  </testcase>
  <testcase name="searchBundeslandCriteriaBuilderInvalidOperations" classname="CriteriaBuilderTests" time="0.084">
    <system-out><![CDATA[Hibernate: drop table if exists Bestellung cascade 
Hibernate: drop table if exists BestProd cascade 
Hibernate: drop table if exists Bundesland cascade 
Hibernate: drop table if exists Kunde cascade 
Hibernate: drop table if exists Landkreis cascade 
Hibernate: drop table if exists Ort cascade 
Hibernate: drop table if exists Produkt cascade 
Hibernate: create table Bestellung (bestdat date, liefdat date, id bigint generated by default as identity, kunde_id bigint unique, primary key (id))
Hibernate: create table BestProd (bestellungId bigint not null, bestellung_id bigint, produktId bigint not null, produkt_id bigint, primary key (bestellungId, produktId))
Hibernate: create table Bundesland (id bigint generated by default as identity, name varchar(255), primary key (id))
Hibernate: create table Kunde (id bigint generated by default as identity, ort_id bigint, name varchar(255), strasse varchar(255), primary key (id))
Hibernate: create table Landkreis (bundesland_id bigint, id bigint generated by default as identity, name varchar(255), primary key (id))
Hibernate: create table Ort (id bigint generated by default as identity, landkreis_id bigint, name varchar(255), plz varchar(255), primary key (id))
Hibernate: create table Produkt (preis float(53), id bigint generated by default as identity, name varchar(255), primary key (id))
Hibernate: alter table if exists Bestellung add constraint FKkq14c6t554q86psqh0h3cpxja foreign key (kunde_id) references Kunde
Hibernate: alter table if exists BestProd add constraint FKida2ygwo4v89epmpeq9llxdi4 foreign key (bestellung_id) references Bestellung
Hibernate: alter table if exists BestProd add constraint FKprxaigxne2gabvc752jkh64xy foreign key (produkt_id) references Produkt
Hibernate: alter table if exists Kunde add constraint FK9dofkdho0gpj0wadrvk8o1vsk foreign key (ort_id) references Ort
Hibernate: alter table if exists Landkreis add constraint FK2qih8eu54e8y7hliv34qqppde foreign key (bundesland_id) references Bundesland
Hibernate: alter table if exists Ort add constraint FKn3w1k9n84c9yiy925mu01tiu6 foreign key (landkreis_id) references Landkreis
Hibernate: insert into Bundesland (name,id) values (?,default)
]]></system-out>
    <system-err><![CDATA[Apr. 16, 2026 9:40:39 PM org.hibernate.jpa.internal.util.LogHelper logPersistenceUnitInformation
INFO: HHH000204: Processing PersistenceUnitInfo [name: test-persistence-unit]
Apr. 16, 2026 9:40:39 PM org.hibernate.cache.internal.RegionFactoryInitiator initiateService
INFO: HHH000026: Second-level cache disabled
Apr. 16, 2026 9:40:39 PM org.hibernate.engine.jdbc.connections.internal.DriverManagerConnectionProviderImpl configure
WARN: HHH10001002: Using built-in connection pool (not intended for production use)
Apr. 16, 2026 9:40:39 PM org.hibernate.engine.jdbc.connections.internal.DriverManagerConnectionProviderImpl buildCreator
INFO: HHH10001005: Loaded JDBC driver class: org.h2.Driver
Apr. 16, 2026 9:40:39 PM org.hibernate.engine.jdbc.connections.internal.DriverManagerConnectionProviderImpl buildCreator
INFO: HHH10001012: Connecting with JDBC URL [jdbc:h2:mem:testdb;DB_CLOSE_DELAY=-1]
Apr. 16, 2026 9:40:39 PM org.hibernate.engine.jdbc.connections.internal.DriverManagerConnectionProviderImpl buildCreator
INFO: HHH10001001: Connection properties: {password=****, user=sa}
Apr. 16, 2026 9:40:39 PM org.hibernate.engine.jdbc.connections.internal.DriverManagerConnectionProviderImpl buildCreator
INFO: HHH10001003: Autocommit mode: false
Apr. 16, 2026 9:40:39 PM org.hibernate.engine.jdbc.connections.internal.DriverManagerConnectionProviderImpl$PooledConnections <init>
INFO: HHH10001115: Connection pool size: 20 (min=1)
Apr. 16, 2026 9:40:39 PM org.hibernate.engine.jdbc.dialect.internal.DialectFactoryImpl constructDialect
WARN: HHH90000025: H2Dialect does not need to be specified explicitly using 'hibernate.dialect' (remove the property setting and it will be selected by default)
Apr. 16, 2026 9:40:39 PM org.hibernate.mapping.RootClass checkCompositeIdentifier
WARN: HHH000038: Composite-id class does not override equals(): Entities.BestProdId
Apr. 16, 2026 9:40:39 PM org.hibernate.mapping.RootClass checkCompositeIdentifier
WARN: HHH000039: Composite-id class does not override hashCode(): Entities.BestProdId
Apr. 16, 2026 9:40:39 PM org.hibernate.engine.transaction.jta.platform.internal.JtaPlatformInitiator initiateService
INFO: HHH000489: No JTA platform available (set 'hibernate.transaction.jta.platform' to enable JTA platform integration)
Apr. 16, 2026 9:40:39 PM org.hibernate.resource.transaction.backend.jdbc.internal.DdlTransactionIsolatorNonJtaImpl getIsolatedConnection
INFO: HHH10001501: Connection obtained from JdbcConnectionAccess [org.hibernate.engine.jdbc.env.internal.JdbcEnvironmentInitiator$ConnectionProviderJdbcConnectionAccess@1be3f8f8] for (non-JTA) DDL execution was not in auto-commit mode; the Connection 'local transaction' will be committed and the Connection will be set into auto-commit mode.
Apr. 16, 2026 9:40:39 PM org.hibernate.resource.transaction.backend.jdbc.internal.DdlTransactionIsolatorNonJtaImpl getIsolatedConnection
INFO: HHH10001501: Connection obtained from JdbcConnectionAccess [org.hibernate.engine.jdbc.env.internal.JdbcEnvironmentInitiator$ConnectionProviderJdbcConnectionAccess@78b9155e] for (non-JTA) DDL execution was not in auto-commit mode; the Connection 'local transaction' will be committed and the Connection will be set into auto-commit mode.
]]></system-err>
  </testcase>
  <testcase name="searchBundeslandCriteriaBuilderNegation" classname="CriteriaBuilderTests" time="0.082">
    <system-out><![CDATA[Hibernate: drop table if exists Bestellung cascade 
Hibernate: drop table if exists BestProd cascade 
Hibernate: drop table if exists Bundesland cascade 
Hibernate: drop table if exists Kunde cascade 
Hibernate: drop table if exists Landkreis cascade 
Hibernate: drop table if exists Ort cascade 
Hibernate: drop table if exists Produkt cascade 
Hibernate: create table Bestellung (bestdat date, liefdat date, id bigint generated by default as identity, kunde_id bigint unique, primary key (id))
Hibernate: create table BestProd (bestellungId bigint not null, bestellung_id bigint, produktId bigint not null, produkt_id bigint, primary key (bestellungId, produktId))
Hibernate: create table Bundesland (id bigint generated by default as identity, name varchar(255), primary key (id))
Hibernate: create table Kunde (id bigint generated by default as identity, ort_id bigint, name varchar(255), strasse varchar(255), primary key (id))
Hibernate: create table Landkreis (bundesland_id bigint, id bigint generated by default as identity, name varchar(255), primary key (id))
Hibernate: create table Ort (id bigint generated by default as identity, landkreis_id bigint, name varchar(255), plz varchar(255), primary key (id))
Hibernate: create table Produkt (preis float(53), id bigint generated by default as identity, name varchar(255), primary key (id))
Hibernate: alter table if exists Bestellung add constraint FKkq14c6t554q86psqh0h3cpxja foreign key (kunde_id) references Kunde
Hibernate: alter table if exists BestProd add constraint FKida2ygwo4v89epmpeq9llxdi4 foreign key (bestellung_id) references Bestellung
Hibernate: alter table if exists BestProd add constraint FKprxaigxne2gabvc752jkh64xy foreign key (produkt_id) references Produkt
Hibernate: alter table if exists Kunde add constraint FK9dofkdho0gpj0wadrvk8o1vsk foreign key (ort_id) references Ort
Hibernate: alter table if exists Landkreis add constraint FK2qih8eu54e8y7hliv34qqppde foreign key (bundesland_id) references Bundesland
Hibernate: alter table if exists Ort add constraint FKn3w1k9n84c9yiy925mu01tiu6 foreign key (landkreis_id) references Landkreis
Hibernate: insert into Bundesland (name,id) values (?,default)
Hibernate: insert into Bundesland (name,id) values (?,default)
Hibernate: select b1_0.id,b1_0.name from Bundesland b1_0 where 1=1 and b1_0.name<>?
]]></system-out>
    <system-err><![CDATA[Apr. 16, 2026 9:40:39 PM org.hibernate.jpa.internal.util.LogHelper logPersistenceUnitInformation
INFO: HHH000204: Processing PersistenceUnitInfo [name: test-persistence-unit]
Apr. 16, 2026 9:40:39 PM org.hibernate.cache.internal.RegionFactoryInitiator initiateService
INFO: HHH000026: Second-level cache disabled
Apr. 16, 2026 9:40:39 PM org.hibernate.engine.jdbc.connections.internal.DriverManagerConnectionProviderImpl configure
WARN: HHH10001002: Using built-in connection pool (not intended for production use)
Apr. 16, 2026 9:40:39 PM org.hibernate.engine.jdbc.connections.internal.DriverManagerConnectionProviderImpl buildCreator
INFO: HHH10001005: Loaded JDBC driver class: org.h2.Driver
Apr. 16, 2026 9:40:39 PM org.hibernate.engine.jdbc.connections.internal.DriverManagerConnectionProviderImpl buildCreator
INFO: HHH10001012: Connecting with JDBC URL [jdbc:h2:mem:testdb;DB_CLOSE_DELAY=-1]
Apr. 16, 2026 9:40:39 PM org.hibernate.engine.jdbc.connections.internal.DriverManagerConnectionProviderImpl buildCreator
INFO: HHH10001001: Connection properties: {password=****, user=sa}
Apr. 16, 2026 9:40:39 PM org.hibernate.engine.jdbc.connections.internal.DriverManagerConnectionProviderImpl buildCreator
INFO: HHH10001003: Autocommit mode: false
Apr. 16, 2026 9:40:39 PM org.hibernate.engine.jdbc.connections.internal.DriverManagerConnectionProviderImpl$PooledConnections <init>
INFO: HHH10001115: Connection pool size: 20 (min=1)
Apr. 16, 2026 9:40:39 PM org.hibernate.engine.jdbc.dialect.internal.DialectFactoryImpl constructDialect
WARN: HHH90000025: H2Dialect does not need to be specified explicitly using 'hibernate.dialect' (remove the property setting and it will be selected by default)
Apr. 16, 2026 9:40:39 PM org.hibernate.mapping.RootClass checkCompositeIdentifier
WARN: HHH000038: Composite-id class does not override equals(): Entities.BestProdId
Apr. 16, 2026 9:40:39 PM org.hibernate.mapping.RootClass checkCompositeIdentifier
WARN: HHH000039: Composite-id class does not override hashCode(): Entities.BestProdId
Apr. 16, 2026 9:40:39 PM org.hibernate.engine.transaction.jta.platform.internal.JtaPlatformInitiator initiateService
INFO: HHH000489: No JTA platform available (set 'hibernate.transaction.jta.platform' to enable JTA platform integration)
Apr. 16, 2026 9:40:39 PM org.hibernate.resource.transaction.backend.jdbc.internal.DdlTransactionIsolatorNonJtaImpl getIsolatedConnection
INFO: HHH10001501: Connection obtained from JdbcConnectionAccess [org.hibernate.engine.jdbc.env.internal.JdbcEnvironmentInitiator$ConnectionProviderJdbcConnectionAccess@49a06087] for (non-JTA) DDL execution was not in auto-commit mode; the Connection 'local transaction' will be committed and the Connection will be set into auto-commit mode.
Apr. 16, 2026 9:40:39 PM org.hibernate.resource.transaction.backend.jdbc.internal.DdlTransactionIsolatorNonJtaImpl getIsolatedConnection
INFO: HHH10001501: Connection obtained from JdbcConnectionAccess [org.hibernate.engine.jdbc.env.internal.JdbcEnvironmentInitiator$ConnectionProviderJdbcConnectionAccess@2c15034f] for (non-JTA) DDL execution was not in auto-commit mode; the Connection 'local transaction' will be committed and the Connection will be set into auto-commit mode.
]]></system-err>
  </testcase>
  <testcase name="searchProduktCriteriaBuilderLessThan" classname="CriteriaBuilderTests" time="0.084">
    <system-out><![CDATA[Hibernate: drop table if exists Bestellung cascade 
Hibernate: drop table if exists BestProd cascade 
Hibernate: drop table if exists Bundesland cascade 
Hibernate: drop table if exists Kunde cascade 
Hibernate: drop table if exists Landkreis cascade 
Hibernate: drop table if exists Ort cascade 
Hibernate: drop table if exists Produkt cascade 
Hibernate: create table Bestellung (bestdat date, liefdat date, id bigint generated by default as identity, kunde_id bigint unique, primary key (id))
Hibernate: create table BestProd (bestellungId bigint not null, bestellung_id bigint, produktId bigint not null, produkt_id bigint, primary key (bestellungId, produktId))
Hibernate: create table Bundesland (id bigint generated by default as identity, name varchar(255), primary key (id))
Hibernate: create table Kunde (id bigint generated by default as identity, ort_id bigint, name varchar(255), strasse varchar(255), primary key (id))
Hibernate: create table Landkreis (bundesland_id bigint, id bigint generated by default as identity, name varchar(255), primary key (id))
Hibernate: create table Ort (id bigint generated by default as identity, landkreis_id bigint, name varchar(255), plz varchar(255), primary key (id))
Hibernate: create table Produkt (preis float(53), id bigint generated by default as identity, name varchar(255), primary key (id))
Hibernate: alter table if exists Bestellung add constraint FKkq14c6t554q86psqh0h3cpxja foreign key (kunde_id) references Kunde
Hibernate: alter table if exists BestProd add constraint FKida2ygwo4v89epmpeq9llxdi4 foreign key (bestellung_id) references Bestellung
Hibernate: alter table if exists BestProd add constraint FKprxaigxne2gabvc752jkh64xy foreign key (produkt_id) references Produkt
Hibernate: alter table if exists Kunde add constraint FK9dofkdho0gpj0wadrvk8o1vsk foreign key (ort_id) references Ort
Hibernate: alter table if exists Landkreis add constraint FK2qih8eu54e8y7hliv34qqppde foreign key (bundesland_id) references Bundesland
Hibernate: alter table if exists Ort add constraint FKn3w1k9n84c9yiy925mu01tiu6 foreign key (landkreis_id) references Landkreis
Hibernate: insert into Produkt (name,preis,id) values (?,?,default)
Hibernate: select p1_0.id,p1_0.name,p1_0.preis from Produkt p1_0 where 1=1 and p1_0.preis<=?
]]></system-out>
    <system-err><![CDATA[Apr. 16, 2026 9:40:39 PM org.hibernate.jpa.internal.util.LogHelper logPersistenceUnitInformation
INFO: HHH000204: Processing PersistenceUnitInfo [name: test-persistence-unit]
Apr. 16, 2026 9:40:39 PM org.hibernate.cache.internal.RegionFactoryInitiator initiateService
INFO: HHH000026: Second-level cache disabled
Apr. 16, 2026 9:40:39 PM org.hibernate.engine.jdbc.connections.internal.DriverManagerConnectionProviderImpl configure
WARN: HHH10001002: Using built-in connection pool (not intended for production use)
Apr. 16, 2026 9:40:39 PM org.hibernate.engine.jdbc.connections.internal.DriverManagerConnectionProviderImpl buildCreator
INFO: HHH10001005: Loaded JDBC driver class: org.h2.Driver
Apr. 16, 2026 9:40:39 PM org.hibernate.engine.jdbc.connections.internal.DriverManagerConnectionProviderImpl buildCreator
INFO: HHH10001012: Connecting with JDBC URL [jdbc:h2:mem:testdb;DB_CLOSE_DELAY=-1]
Apr. 16, 2026 9:40:39 PM org.hibernate.engine.jdbc.connections.internal.DriverManagerConnectionProviderImpl buildCreator
INFO: HHH10001001: Connection properties: {password=****, user=sa}
Apr. 16, 2026 9:40:39 PM org.hibernate.engine.jdbc.connections.internal.DriverManagerConnectionProviderImpl buildCreator
INFO: HHH10001003: Autocommit mode: false
Apr. 16, 2026 9:40:39 PM org.hibernate.engine.jdbc.connections.internal.DriverManagerConnectionProviderImpl$PooledConnections <init>
INFO: HHH10001115: Connection pool size: 20 (min=1)
Apr. 16, 2026 9:40:39 PM org.hibernate.engine.jdbc.dialect.internal.DialectFactoryImpl constructDialect
WARN: HHH90000025: H2Dialect does not need to be specified explicitly using 'hibernate.dialect' (remove the property setting and it will be selected by default)
Apr. 16, 2026 9:40:39 PM org.hibernate.mapping.RootClass checkCompositeIdentifier
WARN: HHH000038: Composite-id class does not override equals(): Entities.BestProdId
Apr. 16, 2026 9:40:39 PM org.hibernate.mapping.RootClass checkCompositeIdentifier
WARN: HHH000039: Composite-id class does not override hashCode(): Entities.BestProdId
Apr. 16, 2026 9:40:39 PM org.hibernate.engine.transaction.jta.platform.internal.JtaPlatformInitiator initiateService
INFO: HHH000489: No JTA platform available (set 'hibernate.transaction.jta.platform' to enable JTA platform integration)
Apr. 16, 2026 9:40:39 PM org.hibernate.resource.transaction.backend.jdbc.internal.DdlTransactionIsolatorNonJtaImpl getIsolatedConnection
INFO: HHH10001501: Connection obtained from JdbcConnectionAccess [org.hibernate.engine.jdbc.env.internal.JdbcEnvironmentInitiator$ConnectionProviderJdbcConnectionAccess@16ef1160] for (non-JTA) DDL execution was not in auto-commit mode; the Connection 'local transaction' will be committed and the Connection will be set into auto-commit mode.
Apr. 16, 2026 9:40:39 PM org.hibernate.resource.transaction.backend.jdbc.internal.DdlTransactionIsolatorNonJtaImpl getIsolatedConnection
INFO: HHH10001501: Connection obtained from JdbcConnectionAccess [org.hibernate.engine.jdbc.env.internal.JdbcEnvironmentInitiator$ConnectionProviderJdbcConnectionAccess@41f90b10] for (non-JTA) DDL execution was not in auto-commit mode; the Connection 'local transaction' will be committed and the Connection will be set into auto-commit mode.
]]></system-err>
  </testcase>
  <testcase name="searchBundeslandCriteriaBuilderIsNull" classname="CriteriaBuilderTests" time="0.072">
    <system-out><![CDATA[Hibernate: drop table if exists Bestellung cascade 
Hibernate: drop table if exists BestProd cascade 
Hibernate: drop table if exists Bundesland cascade 
Hibernate: drop table if exists Kunde cascade 
Hibernate: drop table if exists Landkreis cascade 
Hibernate: drop table if exists Ort cascade 
Hibernate: drop table if exists Produkt cascade 
Hibernate: create table Bestellung (bestdat date, liefdat date, id bigint generated by default as identity, kunde_id bigint unique, primary key (id))
Hibernate: create table BestProd (bestellungId bigint not null, bestellung_id bigint, produktId bigint not null, produkt_id bigint, primary key (bestellungId, produktId))
Hibernate: create table Bundesland (id bigint generated by default as identity, name varchar(255), primary key (id))
Hibernate: create table Kunde (id bigint generated by default as identity, ort_id bigint, name varchar(255), strasse varchar(255), primary key (id))
Hibernate: create table Landkreis (bundesland_id bigint, id bigint generated by default as identity, name varchar(255), primary key (id))
Hibernate: create table Ort (id bigint generated by default as identity, landkreis_id bigint, name varchar(255), plz varchar(255), primary key (id))
Hibernate: create table Produkt (preis float(53), id bigint generated by default as identity, name varchar(255), primary key (id))
Hibernate: alter table if exists Bestellung add constraint FKkq14c6t554q86psqh0h3cpxja foreign key (kunde_id) references Kunde
Hibernate: alter table if exists BestProd add constraint FKida2ygwo4v89epmpeq9llxdi4 foreign key (bestellung_id) references Bestellung
Hibernate: alter table if exists BestProd add constraint FKprxaigxne2gabvc752jkh64xy foreign key (produkt_id) references Produkt
Hibernate: alter table if exists Kunde add constraint FK9dofkdho0gpj0wadrvk8o1vsk foreign key (ort_id) references Ort
Hibernate: alter table if exists Landkreis add constraint FK2qih8eu54e8y7hliv34qqppde foreign key (bundesland_id) references Bundesland
Hibernate: alter table if exists Ort add constraint FKn3w1k9n84c9yiy925mu01tiu6 foreign key (landkreis_id) references Landkreis
Hibernate: insert into Produkt (name,preis,id) values (?,?,default)
Hibernate: select p1_0.id,p1_0.name,p1_0.preis from Produkt p1_0 where 1=1 and p1_0.preis is null
]]></system-out>
    <system-err><![CDATA[Apr. 16, 2026 9:40:39 PM org.hibernate.jpa.internal.util.LogHelper logPersistenceUnitInformation
INFO: HHH000204: Processing PersistenceUnitInfo [name: test-persistence-unit]
Apr. 16, 2026 9:40:39 PM org.hibernate.cache.internal.RegionFactoryInitiator initiateService
INFO: HHH000026: Second-level cache disabled
Apr. 16, 2026 9:40:39 PM org.hibernate.engine.jdbc.connections.internal.DriverManagerConnectionProviderImpl configure
WARN: HHH10001002: Using built-in connection pool (not intended for production use)
Apr. 16, 2026 9:40:39 PM org.hibernate.engine.jdbc.connections.internal.DriverManagerConnectionProviderImpl buildCreator
INFO: HHH10001005: Loaded JDBC driver class: org.h2.Driver
Apr. 16, 2026 9:40:39 PM org.hibernate.engine.jdbc.connections.internal.DriverManagerConnectionProviderImpl buildCreator
INFO: HHH10001012: Connecting with JDBC URL [jdbc:h2:mem:testdb;DB_CLOSE_DELAY=-1]
Apr. 16, 2026 9:40:39 PM org.hibernate.engine.jdbc.connections.internal.DriverManagerConnectionProviderImpl buildCreator
INFO: HHH10001001: Connection properties: {password=****, user=sa}
Apr. 16, 2026 9:40:39 PM org.hibernate.engine.jdbc.connections.internal.DriverManagerConnectionProviderImpl buildCreator
INFO: HHH10001003: Autocommit mode: false
Apr. 16, 2026 9:40:39 PM org.hibernate.engine.jdbc.connections.internal.DriverManagerConnectionProviderImpl$PooledConnections <init>
INFO: HHH10001115: Connection pool size: 20 (min=1)
Apr. 16, 2026 9:40:39 PM org.hibernate.engine.jdbc.dialect.internal.DialectFactoryImpl constructDialect
WARN: HHH90000025: H2Dialect does not need to be specified explicitly using 'hibernate.dialect' (remove the property setting and it will be selected by default)
Apr. 16, 2026 9:40:39 PM org.hibernate.mapping.RootClass checkCompositeIdentifier
WARN: HHH000038: Composite-id class does not override equals(): Entities.BestProdId
Apr. 16, 2026 9:40:39 PM org.hibernate.mapping.RootClass checkCompositeIdentifier
WARN: HHH000039: Composite-id class does not override hashCode(): Entities.BestProdId
Apr. 16, 2026 9:40:39 PM org.hibernate.engine.transaction.jta.platform.internal.JtaPlatformInitiator initiateService
INFO: HHH000489: No JTA platform available (set 'hibernate.transaction.jta.platform' to enable JTA platform integration)
Apr. 16, 2026 9:40:39 PM org.hibernate.resource.transaction.backend.jdbc.internal.DdlTransactionIsolatorNonJtaImpl getIsolatedConnection
INFO: HHH10001501: Connection obtained from JdbcConnectionAccess [org.hibernate.engine.jdbc.env.internal.JdbcEnvironmentInitiator$ConnectionProviderJdbcConnectionAccess@42cd0fc6] for (non-JTA) DDL execution was not in auto-commit mode; the Connection 'local transaction' will be committed and the Connection will be set into auto-commit mode.
Apr. 16, 2026 9:40:39 PM org.hibernate.resource.transaction.backend.jdbc.internal.DdlTransactionIsolatorNonJtaImpl getIsolatedConnection
INFO: HHH10001501: Connection obtained from JdbcConnectionAccess [org.hibernate.engine.jdbc.env.internal.JdbcEnvironmentInitiator$ConnectionProviderJdbcConnectionAccess@e5864c2] for (non-JTA) DDL execution was not in auto-commit mode; the Connection 'local transaction' will be committed and the Connection will be set into auto-commit mode.
]]></system-err>
  </testcase>
  <testcase name="searchLandkreisSimpleLeftJoinToInvalidEntityCriteriaBuilder" classname="CriteriaBuilderTests" time="0.069">
    <system-out><![CDATA[Hibernate: drop table if exists Bestellung cascade 
Hibernate: drop table if exists BestProd cascade 
Hibernate: drop table if exists Bundesland cascade 
Hibernate: drop table if exists Kunde cascade 
Hibernate: drop table if exists Landkreis cascade 
Hibernate: drop table if exists Ort cascade 
Hibernate: drop table if exists Produkt cascade 
Hibernate: create table Bestellung (bestdat date, liefdat date, id bigint generated by default as identity, kunde_id bigint unique, primary key (id))
Hibernate: create table BestProd (bestellungId bigint not null, bestellung_id bigint, produktId bigint not null, produkt_id bigint, primary key (bestellungId, produktId))
Hibernate: create table Bundesland (id bigint generated by default as identity, name varchar(255), primary key (id))
Hibernate: create table Kunde (id bigint generated by default as identity, ort_id bigint, name varchar(255), strasse varchar(255), primary key (id))
Hibernate: create table Landkreis (bundesland_id bigint, id bigint generated by default as identity, name varchar(255), primary key (id))
Hibernate: create table Ort (id bigint generated by default as identity, landkreis_id bigint, name varchar(255), plz varchar(255), primary key (id))
Hibernate: create table Produkt (preis float(53), id bigint generated by default as identity, name varchar(255), primary key (id))
Hibernate: alter table if exists Bestellung add constraint FKkq14c6t554q86psqh0h3cpxja foreign key (kunde_id) references Kunde
Hibernate: alter table if exists BestProd add constraint FKida2ygwo4v89epmpeq9llxdi4 foreign key (bestellung_id) references Bestellung
Hibernate: alter table if exists BestProd add constraint FKprxaigxne2gabvc752jkh64xy foreign key (produkt_id) references Produkt
Hibernate: alter table if exists Kunde add constraint FK9dofkdho0gpj0wadrvk8o1vsk foreign key (ort_id) references Ort
Hibernate: alter table if exists Landkreis add constraint FK2qih8eu54e8y7hliv34qqppde foreign key (bundesland_id) references Bundesland
Hibernate: alter table if exists Ort add constraint FKn3w1k9n84c9yiy925mu01tiu6 foreign key (landkreis_id) references Landkreis
Hibernate: insert into Bundesland (name,id) values (?,default)
Hibernate: insert into Landkreis (bundesland_id,name,id) values (?,?,default)
]]></system-out>
    <system-err><![CDATA[Apr. 16, 2026 9:40:39 PM org.hibernate.jpa.internal.util.LogHelper logPersistenceUnitInformation
INFO: HHH000204: Processing PersistenceUnitInfo [name: test-persistence-unit]
Apr. 16, 2026 9:40:39 PM org.hibernate.cache.internal.RegionFactoryInitiator initiateService
INFO: HHH000026: Second-level cache disabled
Apr. 16, 2026 9:40:39 PM org.hibernate.engine.jdbc.connections.internal.DriverManagerConnectionProviderImpl configure
WARN: HHH10001002: Using built-in connection pool (not intended for production use)
Apr. 16, 2026 9:40:39 PM org.hibernate.engine.jdbc.connections.internal.DriverManagerConnectionProviderImpl buildCreator
INFO: HHH10001005: Loaded JDBC driver class: org.h2.Driver
Apr. 16, 2026 9:40:39 PM org.hibernate.engine.jdbc.connections.internal.DriverManagerConnectionProviderImpl buildCreator
INFO: HHH10001012: Connecting with JDBC URL [jdbc:h2:mem:testdb;DB_CLOSE_DELAY=-1]
Apr. 16, 2026 9:40:39 PM org.hibernate.engine.jdbc.connections.internal.DriverManagerConnectionProviderImpl buildCreator
INFO: HHH10001001: Connection properties: {password=****, user=sa}
Apr. 16, 2026 9:40:39 PM org.hibernate.engine.jdbc.connections.internal.DriverManagerConnectionProviderImpl buildCreator
INFO: HHH10001003: Autocommit mode: false
Apr. 16, 2026 9:40:39 PM org.hibernate.engine.jdbc.connections.internal.DriverManagerConnectionProviderImpl$PooledConnections <init>
INFO: HHH10001115: Connection pool size: 20 (min=1)
Apr. 16, 2026 9:40:39 PM org.hibernate.engine.jdbc.dialect.internal.DialectFactoryImpl constructDialect
WARN: HHH90000025: H2Dialect does not need to be specified explicitly using 'hibernate.dialect' (remove the property setting and it will be selected by default)
Apr. 16, 2026 9:40:40 PM org.hibernate.mapping.RootClass checkCompositeIdentifier
WARN: HHH000038: Composite-id class does not override equals(): Entities.BestProdId
Apr. 16, 2026 9:40:40 PM org.hibernate.mapping.RootClass checkCompositeIdentifier
WARN: HHH000039: Composite-id class does not override hashCode(): Entities.BestProdId
Apr. 16, 2026 9:40:40 PM org.hibernate.engine.transaction.jta.platform.internal.JtaPlatformInitiator initiateService
INFO: HHH000489: No JTA platform available (set 'hibernate.transaction.jta.platform' to enable JTA platform integration)
Apr. 16, 2026 9:40:40 PM org.hibernate.resource.transaction.backend.jdbc.internal.DdlTransactionIsolatorNonJtaImpl getIsolatedConnection
INFO: HHH10001501: Connection obtained from JdbcConnectionAccess [org.hibernate.engine.jdbc.env.internal.JdbcEnvironmentInitiator$ConnectionProviderJdbcConnectionAccess@278c998] for (non-JTA) DDL execution was not in auto-commit mode; the Connection 'local transaction' will be committed and the Connection will be set into auto-commit mode.
Apr. 16, 2026 9:40:40 PM org.hibernate.resource.transaction.backend.jdbc.internal.DdlTransactionIsolatorNonJtaImpl getIsolatedConnection
INFO: HHH10001501: Connection obtained from JdbcConnectionAccess [org.hibernate.engine.jdbc.env.internal.JdbcEnvironmentInitiator$ConnectionProviderJdbcConnectionAccess@25e353dc] for (non-JTA) DDL execution was not in auto-commit mode; the Connection 'local transaction' will be committed and the Connection will be set into auto-commit mode.
]]></system-err>
  </testcase>
</testsuite>